2026-01-24 16:37:22,290 - INFO - Starting JNCC annotation
2026-01-24 16:37:22,290 - INFO - Input file: C:\GitHub\mind-the-gap\uksi_processing\uksi_valid_species_output.tsv
2026-01-24 16:37:22,291 - INFO - JNCC file: C:\GitHub\mind-the-gap\uksi_processing\20231206_jncc_conservation_designations_taxon.tsv
2026-01-24 16:37:22,291 - INFO - Output: C:\GitHub\mind-the-gap\uksi_processing\uksi_valid_species_jncc_annotated.tsv
2026-01-24 16:37:22,391 - INFO - Loaded 14395 TVKs from JNCC file
2026-01-24 16:37:22,433 - INFO - Multiple JNCC matches for valid TVK NHMSYS0021813346: matched TVKs = ['NBNSYS0000008850', 'NBNSYS0000008849']
2026-01-24 16:37:22,665 - INFO - Multiple JNCC matches for valid TVK NHMSYS0021819046: matched TVKs = ['NBNSYS0000030416', 'NBNSYS0000030417']
2026-01-24 16:37:22,994 - INFO - Multiple JNCC matches for valid TVK NBNSYS0000188612: matched TVKs = ['NBNSYS0000188612', 'NHMSYS0020755078']
2026-01-24 16:37:23,154 - INFO - Multiple JNCC matches for valid TVK NHMSYS0021576548: matched TVKs = ['NHMSYS0021576548', 'BMSSYS0000001680']
2026-01-24 16:37:23,196 - INFO - Multiple JNCC matches for valid TVK NHMSYS0001472768: matched TVKs = ['NHMSYS0001472768', 'NBNSYS0000041599']
2026-01-24 16:37:23,203 - INFO - Multiple JNCC matches for valid TVK NBNSYS0000019037: matched TVKs = ['NBNSYS0000019037', 'BMSSYS0000016840']
2026-01-24 16:37:23,209 - INFO - Multiple JNCC matches for valid TVK NBNSYS0000019142: matched TVKs = ['NHMSYS0001501169', 'NHMSYS0001501170']
2026-01-24 16:37:23,218 - INFO - Multiple JNCC matches for valid TVK BMSSYS0000533587: matched TVKs = ['BMSSYS0000004369', 'NBNSYS0000018434']
2026-01-24 16:37:23,370 - INFO - Multiple JNCC matches for valid TVK BMSSYS0000731015: matched TVKs = ['NHMSYS0001475982', 'BMSSYS0000002712', 'NBNSYS0000039200']
2026-01-24 16:37:23,454 - INFO - Multiple JNCC matches for valid TVK NHMSYS0021240634: matched TVKs = ['NHMSYS0021240634', 'NHMSYS0000461412']
2026-01-24 16:37:23,468 - INFO - Multiple JNCC matches for valid TVK NHMSYS0021605742: matched TVKs = ['NHMSYS0021605742', 'NBNSYS0000003053']
2026-01-24 16:37:23,468 - INFO - Multiple JNCC matches for valid TVK NBNSYS0000004655: matched TVKs = ['NBNSYS0000004655', 'NHMSYS0000463045']
2026-01-24 16:37:23,481 - INFO - Multiple JNCC matches for valid TVK NHMSYS0021240694: matched TVKs = ['NHMSYS0021240694', 'NBNSYS0000039919']
2026-01-24 16:37:23,495 - INFO - Multiple JNCC matches for valid TVK NBNSYS0200001716: matched TVKs = ['NBNSYS0200001716', 'NBNSYS0000002662']
2026-01-24 16:37:23,519 - INFO - Processed 73447 species, 13062 matched to JNCC designations
2026-01-24 16:37:23,520 - INFO - JNCC TVKs not matched to any species: 1318
2026-01-24 16:37:23,520 - DEBUG - Unmatched JNCC TVK: BMSSYS0000000058
2026-01-24 16:37:23,520 - DEBUG - Unmatched JNCC TVK: BMSSYS0000000071
2026-01-24 16:37:23,520 - DEBUG - Unmatched JNCC TVK: BMSSYS0000002714
2026-01-24 16:37:23,520 - DEBUG - Unmatched JNCC TVK: BMSSYS0000002796
2026-01-24 16:37:23,520 - DEBUG - Unmatched JNCC TVK: BMSSYS0000006356
2026-01-24 16:37:23,520 - DEBUG - Unmatched JNCC TVK: BMSSYS0000006830
2026-01-24 16:37:23,520 - DEBUG - Unmatched JNCC TVK: BMSSYS0000011218
2026-01-24 16:37:23,520 - DEBUG - Unmatched JNCC TVK: BMSSYS0000013986
2026-01-24 16:37:23,520 - DEBUG - Unmatched JNCC TVK: BMSSYS0000015229
2026-01-24 16:37:23,520 - DEBUG - Unmatched JNCC TVK: BMSSYS0000016431
2026-01-24 16:37:23,520 - DEBUG - Unmatched JNCC TVK: BMSSYS0000018485
2026-01-24 16:37:23,520 - DEBUG - Unmatched JNCC TVK: BMSSYS0000020535
2026-01-24 16:37:23,520 - DEBUG - Unmatched JNCC TVK: BMSSYS0000042819
2026-01-24 16:37:23,520 - DEBUG - Unmatched JNCC TVK: BMSSYS0000043345
2026-01-24 16:37:23,520 - DEBUG - Unmatched JNCC TVK: BMSSYS0000043346
2026-01-24 16:37:23,520 - DEBUG - Unmatched JNCC TVK: BMSSYS0000044964
2026-01-24 16:37:23,520 - DEBUG - Unmatched JNCC TVK: BMSSYS0000047316
2026-01-24 16:37:23,520 - DEBUG - Unmatched JNCC TVK: BMSSYS0000047898
2026-01-24 16:37:23,520 - DEBUG - Unmatched JNCC TVK: BMSSYS0000047899
2026-01-24 16:37:23,520 - DEBUG - Unmatched JNCC TVK: BMSSYS0000052458
2026-01-24 16:37:23,522 - DEBUG - Unmatched JNCC TVK: BMSSYS0000289986
2026-01-24 16:37:23,522 - DEBUG - Unmatched JNCC TVK: BMSSYS0000533569
2026-01-24 16:37:23,522 - DEBUG - Unmatched JNCC TVK: BMSSYS0000533619
2026-01-24 16:37:23,522 - DEBUG - Unmatched JNCC TVK: BMSSYS0000533644
2026-01-24 16:37:23,522 - DEBUG - Unmatched JNCC TVK: BMSSYS0000533657
2026-01-24 16:37:23,522 - DEBUG - Unmatched JNCC TVK: BMSSYS0000533659
2026-01-24 16:37:23,522 - DEBUG - Unmatched JNCC TVK: BMSSYS0000533883
2026-01-24 16:37:23,522 - DEBUG - Unmatched JNCC TVK: BMSSYS0000533914
2026-01-24 16:37:23,522 - DEBUG - Unmatched JNCC TVK: BMSSYS0000534007
2026-01-24 16:37:23,522 - DEBUG - Unmatched JNCC TVK: BMSSYS0000534050
2026-01-24 16:37:23,522 - DEBUG - Unmatched JNCC TVK: BMSSYS0000534061
2026-01-24 16:37:23,522 - DEBUG - Unmatched JNCC TVK: BMSSYS0000534062
2026-01-24 16:37:23,522 - DEBUG - Unmatched JNCC TVK: BMSSYS0000534141
2026-01-24 16:37:23,522 - DEBUG - Unmatched JNCC TVK: BMSSYS0000534236
2026-01-24 16:37:23,522 - DEBUG - Unmatched JNCC TVK: BMSSYS0000597827
2026-01-24 16:37:23,522 - DEBUG - Unmatched JNCC TVK: BMSSYS0000728281
2026-01-24 16:37:23,522 - DEBUG - Unmatched JNCC TVK: EHSSYS0000000001
2026-01-24 16:37:23,522 - DEBUG - Unmatched JNCC TVK: NBNSYS0000000176
2026-01-24 16:37:23,522 - DEBUG - Unmatched JNCC TVK: NBNSYS0000001343
2026-01-24 16:37:23,522 - DEBUG - Unmatched JNCC TVK: NBNSYS0000001346
2026-01-24 16:37:23,522 - DEBUG - Unmatched JNCC TVK: NBNSYS0000002040
2026-01-24 16:37:23,522 - DEBUG - Unmatched JNCC TVK: NBNSYS0000002095
2026-01-24 16:37:23,522 - DEBUG - Unmatched JNCC TVK: NBNSYS0000002256
2026-01-24 16:37:23,522 - DEBUG - Unmatched JNCC TVK: NBNSYS0000002291
2026-01-24 16:37:23,522 - DEBUG - Unmatched JNCC TVK: NBNSYS0000002398
2026-01-24 16:37:23,522 - DEBUG - Unmatched JNCC TVK: NBNSYS0000002515
2026-01-24 16:37:23,522 - DEBUG - Unmatched JNCC TVK: NBNSYS0000002554
2026-01-24 16:37:23,522 - DEBUG - Unmatched JNCC TVK: NBNSYS0000002580
2026-01-24 16:37:23,522 - DEBUG - Unmatched JNCC TVK: NBNSYS0000002607
2026-01-24 16:37:23,522 - DEBUG - Unmatched JNCC TVK: NBNSYS0000002767
2026-01-24 16:37:23,522 - DEBUG - Unmatched JNCC TVK: NBNSYS0000002768
2026-01-24 16:37:23,522 - DEBUG - Unmatched JNCC TVK: NBNSYS0000002790
2026-01-24 16:37:23,522 - DEBUG - Unmatched JNCC TVK: NBNSYS0000002843
2026-01-24 16:37:23,522 - DEBUG - Unmatched JNCC TVK: NBNSYS0000002867
2026-01-24 16:37:23,522 - DEBUG - Unmatched JNCC TVK: NBNSYS0000002892
2026-01-24 16:37:23,522 - DEBUG - Unmatched JNCC TVK: NBNSYS0000002960
2026-01-24 16:37:23,522 - DEBUG - Unmatched JNCC TVK: NBNSYS0000003030
2026-01-24 16:37:23,522 - DEBUG - Unmatched JNCC TVK: NBNSYS0000003059
2026-01-24 16:37:23,522 - DEBUG - Unmatched JNCC TVK: NBNSYS0000003077
2026-01-24 16:37:23,522 - DEBUG - Unmatched JNCC TVK: NBNSYS0000003078
2026-01-24 16:37:23,522 - DEBUG - Unmatched JNCC TVK: NBNSYS0000003091
2026-01-24 16:37:23,522 - DEBUG - Unmatched JNCC TVK: NBNSYS0000003101
2026-01-24 16:37:23,522 - DEBUG - Unmatched JNCC TVK: NBNSYS0000003107
2026-01-24 16:37:23,522 - DEBUG - Unmatched JNCC TVK: NBNSYS0000003219
2026-01-24 16:37:23,522 - DEBUG - Unmatched JNCC TVK: NBNSYS0000003282
2026-01-24 16:37:23,522 - DEBUG - Unmatched JNCC TVK: NBNSYS0000003294
2026-01-24 16:37:23,522 - DEBUG - Unmatched JNCC TVK: NBNSYS0000003328
2026-01-24 16:37:23,522 - DEBUG - Unmatched JNCC TVK: NBNSYS0000003415
2026-01-24 16:37:23,522 - DEBUG - Unmatched JNCC TVK: NBNSYS0000003463
2026-01-24 16:37:23,522 - DEBUG - Unmatched JNCC TVK: NBNSYS0000003504
2026-01-24 16:37:23,522 - DEBUG - Unmatched JNCC TVK: NBNSYS0000003668
2026-01-24 16:37:23,522 - DEBUG - Unmatched JNCC TVK: NBNSYS0000003743
2026-01-24 16:37:23,522 - DEBUG - Unmatched JNCC TVK: NBNSYS0000003830
2026-01-24 16:37:23,522 - DEBUG - Unmatched JNCC TVK: NBNSYS0000003873
2026-01-24 16:37:23,522 - DEBUG - Unmatched JNCC TVK: NBNSYS0000003943
2026-01-24 16:37:23,522 - DEBUG - Unmatched JNCC TVK: NBNSYS0000004017
2026-01-24 16:37:23,522 - DEBUG - Unmatched JNCC TVK: NBNSYS0000004106
2026-01-24 16:37:23,522 - DEBUG - Unmatched JNCC TVK: NBNSYS0000004166
2026-01-24 16:37:23,522 - DEBUG - Unmatched JNCC TVK: NBNSYS0000004189
2026-01-24 16:37:23,522 - DEBUG - Unmatched JNCC TVK: NBNSYS0000004252
2026-01-24 16:37:23,522 - DEBUG - Unmatched JNCC TVK: NBNSYS0000004303
2026-01-24 16:37:23,522 - DEBUG - Unmatched JNCC TVK: NBNSYS0000004406
2026-01-24 16:37:23,522 - DEBUG - Unmatched JNCC TVK: NBNSYS0000004460
2026-01-24 16:37:23,522 - DEBUG - Unmatched JNCC TVK: NBNSYS0000004588
2026-01-24 16:37:23,522 - DEBUG - Unmatched JNCC TVK: NBNSYS0000004589
2026-01-24 16:37:23,522 - DEBUG - Unmatched JNCC TVK: NBNSYS0000004599
2026-01-24 16:37:23,522 - DEBUG - Unmatched JNCC TVK: NBNSYS0000004611
2026-01-24 16:37:23,522 - DEBUG - Unmatched JNCC TVK: NBNSYS0000004652
2026-01-24 16:37:23,522 - DEBUG - Unmatched JNCC TVK: NBNSYS0000004691
2026-01-24 16:37:23,522 - DEBUG - Unmatched JNCC TVK: NBNSYS0000004740
2026-01-24 16:37:23,522 - DEBUG - Unmatched JNCC TVK: NBNSYS0000004760
2026-01-24 16:37:23,522 - DEBUG - Unmatched JNCC TVK: NBNSYS0000004765
2026-01-24 16:37:23,522 - DEBUG - Unmatched JNCC TVK: NBNSYS0000004790
2026-01-24 16:37:23,522 - DEBUG - Unmatched JNCC TVK: NBNSYS0000005769
2026-01-24 16:37:23,522 - DEBUG - Unmatched JNCC TVK: NBNSYS0000007303
2026-01-24 16:37:23,522 - DEBUG - Unmatched JNCC TVK: NBNSYS0000008453
2026-01-24 16:37:23,522 - DEBUG - Unmatched JNCC TVK: NBNSYS0000012927
2026-01-24 16:37:23,522 - DEBUG - Unmatched JNCC TVK: NBNSYS0000013823
2026-01-24 16:37:23,522 - DEBUG - Unmatched JNCC TVK: NBNSYS0000014076
2026-01-24 16:37:23,522 - DEBUG - Unmatched JNCC TVK: NBNSYS0000014169
2026-01-24 16:37:23,522 - DEBUG - Unmatched JNCC TVK: NBNSYS0000014463
2026-01-24 16:37:23,522 - DEBUG - Unmatched JNCC TVK: NBNSYS0000015084
2026-01-24 16:37:23,522 - DEBUG - Unmatched JNCC TVK: NBNSYS0000015099
2026-01-24 16:37:23,522 - DEBUG - Unmatched JNCC TVK: NBNSYS0000015104
2026-01-24 16:37:23,522 - DEBUG - Unmatched JNCC TVK: NBNSYS0000015156
2026-01-24 16:37:23,523 - DEBUG - Unmatched JNCC TVK: NBNSYS0000015190
2026-01-24 16:37:23,523 - DEBUG - Unmatched JNCC TVK: NBNSYS0000015195
2026-01-24 16:37:23,523 - DEBUG - Unmatched JNCC TVK: NBNSYS0000015252
2026-01-24 16:37:23,523 - DEBUG - Unmatched JNCC TVK: NBNSYS0000015278
2026-01-24 16:37:23,523 - DEBUG - Unmatched JNCC TVK: NBNSYS0000015286
2026-01-24 16:37:23,523 - DEBUG - Unmatched JNCC TVK: NBNSYS0000015295
2026-01-24 16:37:23,523 - DEBUG - Unmatched JNCC TVK: NBNSYS0000015301
2026-01-24 16:37:23,523 - DEBUG - Unmatched JNCC TVK: NBNSYS0000015306
2026-01-24 16:37:23,523 - DEBUG - Unmatched JNCC TVK: NBNSYS0000015313
2026-01-24 16:37:23,523 - DEBUG - Unmatched JNCC TVK: NBNSYS0000015326
2026-01-24 16:37:23,523 - DEBUG - Unmatched JNCC TVK: NBNSYS0000015336
2026-01-24 16:37:23,523 - DEBUG - Unmatched JNCC TVK: NBNSYS0000015340
2026-01-24 16:37:23,523 - DEBUG - Unmatched JNCC TVK: NBNSYS0000016935
2026-01-24 16:37:23,523 - DEBUG - Unmatched JNCC TVK: NBNSYS0000017521
2026-01-24 16:37:23,523 - DEBUG - Unmatched JNCC TVK: NBNSYS0000018170
2026-01-24 16:37:23,523 - DEBUG - Unmatched JNCC TVK: NBNSYS0000018300
2026-01-24 16:37:23,523 - DEBUG - Unmatched JNCC TVK: NBNSYS0000018364
2026-01-24 16:37:23,523 - DEBUG - Unmatched JNCC TVK: NBNSYS0000018431
2026-01-24 16:37:23,523 - DEBUG - Unmatched JNCC TVK: NBNSYS0000018488
2026-01-24 16:37:23,523 - DEBUG - Unmatched JNCC TVK: NBNSYS0000018575
2026-01-24 16:37:23,523 - DEBUG - Unmatched JNCC TVK: NBNSYS0000018579
2026-01-24 16:37:23,523 - DEBUG - Unmatched JNCC TVK: NBNSYS0000018620
2026-01-24 16:37:23,523 - DEBUG - Unmatched JNCC TVK: NBNSYS0000018684
2026-01-24 16:37:23,523 - DEBUG - Unmatched JNCC TVK: NBNSYS0000018839
2026-01-24 16:37:23,523 - DEBUG - Unmatched JNCC TVK: NBNSYS0000018855
2026-01-24 16:37:23,523 - DEBUG - Unmatched JNCC TVK: NBNSYS0000019024
2026-01-24 16:37:23,523 - DEBUG - Unmatched JNCC TVK: NBNSYS0000019056
2026-01-24 16:37:23,523 - DEBUG - Unmatched JNCC TVK: NBNSYS0000019068
2026-01-24 16:37:23,523 - DEBUG - Unmatched JNCC TVK: NBNSYS0000019078
2026-01-24 16:37:23,523 - DEBUG - Unmatched JNCC TVK: NBNSYS0000019357
2026-01-24 16:37:23,523 - DEBUG - Unmatched JNCC TVK: NBNSYS0000019886
2026-01-24 16:37:23,523 - DEBUG - Unmatched JNCC TVK: NBNSYS0000019890
2026-01-24 16:37:23,523 - DEBUG - Unmatched JNCC TVK: NBNSYS0000020664
2026-01-24 16:37:23,523 - DEBUG - Unmatched JNCC TVK: NBNSYS0000020751
2026-01-24 16:37:23,523 - DEBUG - Unmatched JNCC TVK: NBNSYS0000022436
2026-01-24 16:37:23,523 - DEBUG - Unmatched JNCC TVK: NBNSYS0000022981
2026-01-24 16:37:23,523 - DEBUG - Unmatched JNCC TVK: NBNSYS0000023660
2026-01-24 16:37:23,523 - DEBUG - Unmatched JNCC TVK: NBNSYS0000024111
2026-01-24 16:37:23,523 - DEBUG - Unmatched JNCC TVK: NBNSYS0000024912
2026-01-24 16:37:23,523 - DEBUG - Unmatched JNCC TVK: NBNSYS0000026927
2026-01-24 16:37:23,523 - DEBUG - Unmatched JNCC TVK: NBNSYS0000027020
2026-01-24 16:37:23,523 - DEBUG - Unmatched JNCC TVK: NBNSYS0000029947
2026-01-24 16:37:23,523 - DEBUG - Unmatched JNCC TVK: NBNSYS0000030184
2026-01-24 16:37:23,523 - DEBUG - Unmatched JNCC TVK: NBNSYS0000033213
2026-01-24 16:37:23,523 - DEBUG - Unmatched JNCC TVK: NBNSYS0000034394
2026-01-24 16:37:23,523 - DEBUG - Unmatched JNCC TVK: NBNSYS0000036148
2026-01-24 16:37:23,523 - DEBUG - Unmatched JNCC TVK: NBNSYS0000036213
2026-01-24 16:37:23,523 - DEBUG - Unmatched JNCC TVK: NBNSYS0000036590
2026-01-24 16:37:23,523 - DEBUG - Unmatched JNCC TVK: NBNSYS0000037450
2026-01-24 16:37:23,523 - DEBUG - Unmatched JNCC TVK: NBNSYS0000039762
2026-01-24 16:37:23,523 - DEBUG - Unmatched JNCC TVK: NBNSYS0000041627
2026-01-24 16:37:23,523 - DEBUG - Unmatched JNCC TVK: NBNSYS0000042400
2026-01-24 16:37:23,523 - DEBUG - Unmatched JNCC TVK: NBNSYS0000042402
2026-01-24 16:37:23,523 - DEBUG - Unmatched JNCC TVK: NBNSYS0000042407
2026-01-24 16:37:23,523 - DEBUG - Unmatched JNCC TVK: NBNSYS0000042516
2026-01-24 16:37:23,523 - DEBUG - Unmatched JNCC TVK: NBNSYS0000042604
2026-01-24 16:37:23,523 - DEBUG - Unmatched JNCC TVK: NBNSYS0000042610
2026-01-24 16:37:23,523 - DEBUG - Unmatched JNCC TVK: NBNSYS0000042612
2026-01-24 16:37:23,523 - DEBUG - Unmatched JNCC TVK: NBNSYS0000100702
2026-01-24 16:37:23,523 - DEBUG - Unmatched JNCC TVK: NBNSYS0000101088
2026-01-24 16:37:23,523 - DEBUG - Unmatched JNCC TVK: NBNSYS0000151972
2026-01-24 16:37:23,523 - DEBUG - Unmatched JNCC TVK: NBNSYS0000156751
2026-01-24 16:37:23,523 - DEBUG - Unmatched JNCC TVK: NBNSYS0000160580
2026-01-24 16:37:23,523 - DEBUG - Unmatched JNCC TVK: NBNSYS0000161465
2026-01-24 16:37:23,523 - DEBUG - Unmatched JNCC TVK: NBNSYS0000162060
2026-01-24 16:37:23,523 - DEBUG - Unmatched JNCC TVK: NBNSYS0000162061
2026-01-24 16:37:23,523 - DEBUG - Unmatched JNCC TVK: NBNSYS0000162147
2026-01-24 16:37:23,523 - DEBUG - Unmatched JNCC TVK: NBNSYS0000164027
2026-01-24 16:37:23,523 - DEBUG - Unmatched JNCC TVK: NBNSYS0000164580
2026-01-24 16:37:23,524 - DEBUG - Unmatched JNCC TVK: NBNSYS0000173164
2026-01-24 16:37:23,524 - DEBUG - Unmatched JNCC TVK: NBNSYS0000175629
2026-01-24 16:37:23,524 - DEBUG - Unmatched JNCC TVK: NBNSYS0000188680
2026-01-24 16:37:23,524 - DEBUG - Unmatched JNCC TVK: NBNSYS0000189253
2026-01-24 16:37:23,524 - DEBUG - Unmatched JNCC TVK: NBNSYS0100002210
2026-01-24 16:37:23,524 - DEBUG - Unmatched JNCC TVK: NBNSYS0100002817
2026-01-24 16:37:23,524 - DEBUG - Unmatched JNCC TVK: NBNSYS0100003384
2026-01-24 16:37:23,524 - DEBUG - Unmatched JNCC TVK: NBNSYS0100005722
2026-01-24 16:37:23,524 - DEBUG - Unmatched JNCC TVK: NBNSYS0100005866
2026-01-24 16:37:23,524 - DEBUG - Unmatched JNCC TVK: NBNSYS0100005911
2026-01-24 16:37:23,524 - DEBUG - Unmatched JNCC TVK: NBNSYS0500000041
2026-01-24 16:37:23,524 - DEBUG - Unmatched JNCC TVK: NBNSYS0500000381
2026-01-24 16:37:23,524 - DEBUG - Unmatched JNCC TVK: NHMSYS0000309278
2026-01-24 16:37:23,524 - DEBUG - Unmatched JNCC TVK: NHMSYS0000309281
2026-01-24 16:37:23,524 - DEBUG - Unmatched JNCC TVK: NHMSYS0000309602
2026-01-24 16:37:23,524 - DEBUG - Unmatched JNCC TVK: NHMSYS0000310652
2026-01-24 16:37:23,524 - DEBUG - Unmatched JNCC TVK: NHMSYS0000310830
2026-01-24 16:37:23,524 - DEBUG - Unmatched JNCC TVK: NHMSYS0000310849
2026-01-24 16:37:23,524 - DEBUG - Unmatched JNCC TVK: NHMSYS0000310857
2026-01-24 16:37:23,524 - DEBUG - Unmatched JNCC TVK: NHMSYS0000310861
2026-01-24 16:37:23,524 - DEBUG - Unmatched JNCC TVK: NHMSYS0000310864
2026-01-24 16:37:23,524 - DEBUG - Unmatched JNCC TVK: NHMSYS0000310869
2026-01-24 16:37:23,524 - DEBUG - Unmatched JNCC TVK: NHMSYS0000310871
2026-01-24 16:37:23,524 - DEBUG - Unmatched JNCC TVK: NHMSYS0000310872
2026-01-24 16:37:23,524 - DEBUG - Unmatched JNCC TVK: NHMSYS0000310873
2026-01-24 16:37:23,524 - DEBUG - Unmatched JNCC TVK: NHMSYS0000310882
2026-01-24 16:37:23,524 - DEBUG - Unmatched JNCC TVK: NHMSYS0000310884
2026-01-24 16:37:23,524 - DEBUG - Unmatched JNCC TVK: NHMSYS0000310891
2026-01-24 16:37:23,524 - DEBUG - Unmatched JNCC TVK: NHMSYS0000310893
2026-01-24 16:37:23,524 - DEBUG - Unmatched JNCC TVK: NHMSYS0000310896
2026-01-24 16:37:23,524 - DEBUG - Unmatched JNCC TVK: NHMSYS0000310903
2026-01-24 16:37:23,524 - DEBUG - Unmatched JNCC TVK: NHMSYS0000310906
2026-01-24 16:37:23,524 - DEBUG - Unmatched JNCC TVK: NHMSYS0000310908
2026-01-24 16:37:23,524 - DEBUG - Unmatched JNCC TVK: NHMSYS0000310914
2026-01-24 16:37:23,524 - DEBUG - Unmatched JNCC TVK: NHMSYS0000310916
2026-01-24 16:37:23,524 - DEBUG - Unmatched JNCC TVK: NHMSYS0000310920
2026-01-24 16:37:23,524 - DEBUG - Unmatched JNCC TVK: NHMSYS0000310921
2026-01-24 16:37:23,524 - DEBUG - Unmatched JNCC TVK: NHMSYS0000344858
2026-01-24 16:37:23,524 - DEBUG - Unmatched JNCC TVK: NHMSYS0000345903
2026-01-24 16:37:23,524 - DEBUG - Unmatched JNCC TVK: NHMSYS0000352722
2026-01-24 16:37:23,524 - DEBUG - Unmatched JNCC TVK: NHMSYS0000355803
2026-01-24 16:37:23,524 - DEBUG - Unmatched JNCC TVK: NHMSYS0000364601
2026-01-24 16:37:23,524 - DEBUG - Unmatched JNCC TVK: NHMSYS0000364668
2026-01-24 16:37:23,524 - DEBUG - Unmatched JNCC TVK: NHMSYS0000375237
2026-01-24 16:37:23,524 - DEBUG - Unmatched JNCC TVK: NHMSYS0000375238
2026-01-24 16:37:23,524 - DEBUG - Unmatched JNCC TVK: NHMSYS0000376161
2026-01-24 16:37:23,524 - DEBUG - Unmatched JNCC TVK: NHMSYS0000376162
2026-01-24 16:37:23,524 - DEBUG - Unmatched JNCC TVK: NHMSYS0000376171
2026-01-24 16:37:23,524 - DEBUG - Unmatched JNCC TVK: NHMSYS0000376626
2026-01-24 16:37:23,524 - DEBUG - Unmatched JNCC TVK: NHMSYS0000376854
2026-01-24 16:37:23,524 - DEBUG - Unmatched JNCC TVK: NHMSYS0000376980
2026-01-24 16:37:23,524 - DEBUG - Unmatched JNCC TVK: NHMSYS0000376984
2026-01-24 16:37:23,524 - DEBUG - Unmatched JNCC TVK: NHMSYS0000377011
2026-01-24 16:37:23,524 - DEBUG - Unmatched JNCC TVK: NHMSYS0000377173
2026-01-24 16:37:23,524 - DEBUG - Unmatched JNCC TVK: NHMSYS0000377177
2026-01-24 16:37:23,524 - DEBUG - Unmatched JNCC TVK: NHMSYS0000377181
2026-01-24 16:37:23,524 - DEBUG - Unmatched JNCC TVK: NHMSYS0000377305
2026-01-24 16:37:23,524 - DEBUG - Unmatched JNCC TVK: NHMSYS0000455482
2026-01-24 16:37:23,524 - DEBUG - Unmatched JNCC TVK: NHMSYS0000455578
2026-01-24 16:37:23,524 - DEBUG - Unmatched JNCC TVK: NHMSYS0000455630
2026-01-24 16:37:23,524 - DEBUG - Unmatched JNCC TVK: NHMSYS0000455632
2026-01-24 16:37:23,524 - DEBUG - Unmatched JNCC TVK: NHMSYS0000455724
2026-01-24 16:37:23,524 - DEBUG - Unmatched JNCC TVK: NHMSYS0000455725
2026-01-24 16:37:23,524 - DEBUG - Unmatched JNCC TVK: NHMSYS0000455975
2026-01-24 16:37:23,524 - DEBUG - Unmatched JNCC TVK: NHMSYS0000455977
2026-01-24 16:37:23,524 - DEBUG - Unmatched JNCC TVK: NHMSYS0000455981
2026-01-24 16:37:23,524 - DEBUG - Unmatched JNCC TVK: NHMSYS0000455991
2026-01-24 16:37:23,525 - DEBUG - Unmatched JNCC TVK: NHMSYS0000455995
2026-01-24 16:37:23,525 - DEBUG - Unmatched JNCC TVK: NHMSYS0000456048
2026-01-24 16:37:23,525 - DEBUG - Unmatched JNCC TVK: NHMSYS0000456049
2026-01-24 16:37:23,525 - DEBUG - Unmatched JNCC TVK: NHMSYS0000456056
2026-01-24 16:37:23,525 - DEBUG - Unmatched JNCC TVK: NHMSYS0000456078
2026-01-24 16:37:23,525 - DEBUG - Unmatched JNCC TVK: NHMSYS0000456121
2026-01-24 16:37:23,525 - DEBUG - Unmatched JNCC TVK: NHMSYS0000456213
2026-01-24 16:37:23,525 - DEBUG - Unmatched JNCC TVK: NHMSYS0000456214
2026-01-24 16:37:23,525 - DEBUG - Unmatched JNCC TVK: NHMSYS0000456216
2026-01-24 16:37:23,525 - DEBUG - Unmatched JNCC TVK: NHMSYS0000456302
2026-01-24 16:37:23,525 - DEBUG - Unmatched JNCC TVK: NHMSYS0000456329
2026-01-24 16:37:23,525 - DEBUG - Unmatched JNCC TVK: NHMSYS0000456460
2026-01-24 16:37:23,525 - DEBUG - Unmatched JNCC TVK: NHMSYS0000456606
2026-01-24 16:37:23,525 - DEBUG - Unmatched JNCC TVK: NHMSYS0000456661
2026-01-24 16:37:23,525 - DEBUG - Unmatched JNCC TVK: NHMSYS0000456668
2026-01-24 16:37:23,525 - DEBUG - Unmatched JNCC TVK: NHMSYS0000456669
2026-01-24 16:37:23,525 - DEBUG - Unmatched JNCC TVK: NHMSYS0000456672
2026-01-24 16:37:23,525 - DEBUG - Unmatched JNCC TVK: NHMSYS0000456830
2026-01-24 16:37:23,525 - DEBUG - Unmatched JNCC TVK: NHMSYS0000456846
2026-01-24 16:37:23,525 - DEBUG - Unmatched JNCC TVK: NHMSYS0000456847
2026-01-24 16:37:23,525 - DEBUG - Unmatched JNCC TVK: NHMSYS0000456873
2026-01-24 16:37:23,525 - DEBUG - Unmatched JNCC TVK: NHMSYS0000456906
2026-01-24 16:37:23,525 - DEBUG - Unmatched JNCC TVK: NHMSYS0000456911
2026-01-24 16:37:23,525 - DEBUG - Unmatched JNCC TVK: NHMSYS0000456960
2026-01-24 16:37:23,525 - DEBUG - Unmatched JNCC TVK: NHMSYS0000457036
2026-01-24 16:37:23,525 - DEBUG - Unmatched JNCC TVK: NHMSYS0000457067
2026-01-24 16:37:23,525 - DEBUG - Unmatched JNCC TVK: NHMSYS0000457068
2026-01-24 16:37:23,525 - DEBUG - Unmatched JNCC TVK: NHMSYS0000457069
2026-01-24 16:37:23,525 - DEBUG - Unmatched JNCC TVK: NHMSYS0000457401
2026-01-24 16:37:23,525 - DEBUG - Unmatched JNCC TVK: NHMSYS0000457402
2026-01-24 16:37:23,525 - DEBUG - Unmatched JNCC TVK: NHMSYS0000457403
2026-01-24 16:37:23,525 - DEBUG - Unmatched JNCC TVK: NHMSYS0000457412
2026-01-24 16:37:23,525 - DEBUG - Unmatched JNCC TVK: NHMSYS0000457793
2026-01-24 16:37:23,525 - DEBUG - Unmatched JNCC TVK: NHMSYS0000457860
2026-01-24 16:37:23,525 - DEBUG - Unmatched JNCC TVK: NHMSYS0000457861
2026-01-24 16:37:23,525 - DEBUG - Unmatched JNCC TVK: NHMSYS0000457909
2026-01-24 16:37:23,525 - DEBUG - Unmatched JNCC TVK: NHMSYS0000457912
2026-01-24 16:37:23,525 - DEBUG - Unmatched JNCC TVK: NHMSYS0000457913
2026-01-24 16:37:23,525 - DEBUG - Unmatched JNCC TVK: NHMSYS0000457914
2026-01-24 16:37:23,525 - DEBUG - Unmatched JNCC TVK: NHMSYS0000457916
2026-01-24 16:37:23,525 - DEBUG - Unmatched JNCC TVK: NHMSYS0000457917
2026-01-24 16:37:23,525 - DEBUG - Unmatched JNCC TVK: NHMSYS0000457924
2026-01-24 16:37:23,525 - DEBUG - Unmatched JNCC TVK: NHMSYS0000457954
2026-01-24 16:37:23,525 - DEBUG - Unmatched JNCC TVK: NHMSYS0000458012
2026-01-24 16:37:23,525 - DEBUG - Unmatched JNCC TVK: NHMSYS0000458013
2026-01-24 16:37:23,525 - DEBUG - Unmatched JNCC TVK: NHMSYS0000458050
2026-01-24 16:37:23,525 - DEBUG - Unmatched JNCC TVK: NHMSYS0000458106
2026-01-24 16:37:23,525 - DEBUG - Unmatched JNCC TVK: NHMSYS0000458171
2026-01-24 16:37:23,525 - DEBUG - Unmatched JNCC TVK: NHMSYS0000458306
2026-01-24 16:37:23,525 - DEBUG - Unmatched JNCC TVK: NHMSYS0000458357
2026-01-24 16:37:23,525 - DEBUG - Unmatched JNCC TVK: NHMSYS0000458378
2026-01-24 16:37:23,525 - DEBUG - Unmatched JNCC TVK: NHMSYS0000458462
2026-01-24 16:37:23,525 - DEBUG - Unmatched JNCC TVK: NHMSYS0000458629
2026-01-24 16:37:23,525 - DEBUG - Unmatched JNCC TVK: NHMSYS0000458648
2026-01-24 16:37:23,525 - DEBUG - Unmatched JNCC TVK: NHMSYS0000458649
2026-01-24 16:37:23,525 - DEBUG - Unmatched JNCC TVK: NHMSYS0000458671
2026-01-24 16:37:23,525 - DEBUG - Unmatched JNCC TVK: NHMSYS0000458783
2026-01-24 16:37:23,525 - DEBUG - Unmatched JNCC TVK: NHMSYS0000458791
2026-01-24 16:37:23,525 - DEBUG - Unmatched JNCC TVK: NHMSYS0000458795
2026-01-24 16:37:23,525 - DEBUG - Unmatched JNCC TVK: NHMSYS0000458796
2026-01-24 16:37:23,525 - DEBUG - Unmatched JNCC TVK: NHMSYS0000458800
2026-01-24 16:37:23,525 - DEBUG - Unmatched JNCC TVK: NHMSYS0000458801
2026-01-24 16:37:23,525 - DEBUG - Unmatched JNCC TVK: NHMSYS0000458906
2026-01-24 16:37:23,525 - DEBUG - Unmatched JNCC TVK: NHMSYS0000458912
2026-01-24 16:37:23,525 - DEBUG - Unmatched JNCC TVK: NHMSYS0000458913
2026-01-24 16:37:23,525 - DEBUG - Unmatched JNCC TVK: NHMSYS0000458914
2026-01-24 16:37:23,525 - DEBUG - Unmatched JNCC TVK: NHMSYS0000458915
2026-01-24 16:37:23,525 - DEBUG - Unmatched JNCC TVK: NHMSYS0000458931
2026-01-24 16:37:23,525 - DEBUG - Unmatched JNCC TVK: NHMSYS0000458971
2026-01-24 16:37:23,525 - DEBUG - Unmatched JNCC TVK: NHMSYS0000458972
2026-01-24 16:37:23,525 - DEBUG - Unmatched JNCC TVK: NHMSYS0000459005
2026-01-24 16:37:23,525 - DEBUG - Unmatched JNCC TVK: NHMSYS0000459006
2026-01-24 16:37:23,525 - DEBUG - Unmatched JNCC TVK: NHMSYS0000459017
2026-01-24 16:37:23,525 - DEBUG - Unmatched JNCC TVK: NHMSYS0000459020
2026-01-24 16:37:23,525 - DEBUG - Unmatched JNCC TVK: NHMSYS0000459021
2026-01-24 16:37:23,525 - DEBUG - Unmatched JNCC TVK: NHMSYS0000459028
2026-01-24 16:37:23,525 - DEBUG - Unmatched JNCC TVK: NHMSYS0000459245
2026-01-24 16:37:23,525 - DEBUG - Unmatched JNCC TVK: NHMSYS0000459269
2026-01-24 16:37:23,525 - DEBUG - Unmatched JNCC TVK: NHMSYS0000459305
2026-01-24 16:37:23,525 - DEBUG - Unmatched JNCC TVK: NHMSYS0000459315
2026-01-24 16:37:23,526 - DEBUG - Unmatched JNCC TVK: NHMSYS0000459329
2026-01-24 16:37:23,526 - DEBUG - Unmatched JNCC TVK: NHMSYS0000459331
2026-01-24 16:37:23,526 - DEBUG - Unmatched JNCC TVK: NHMSYS0000459332
2026-01-24 16:37:23,526 - DEBUG - Unmatched JNCC TVK: NHMSYS0000459333
2026-01-24 16:37:23,526 - DEBUG - Unmatched JNCC TVK: NHMSYS0000459335
2026-01-24 16:37:23,526 - DEBUG - Unmatched JNCC TVK: NHMSYS0000459337
2026-01-24 16:37:23,526 - DEBUG - Unmatched JNCC TVK: NHMSYS0000459338
2026-01-24 16:37:23,526 - DEBUG - Unmatched JNCC TVK: NHMSYS0000459341
2026-01-24 16:37:23,526 - DEBUG - Unmatched JNCC TVK: NHMSYS0000459343
2026-01-24 16:37:23,526 - DEBUG - Unmatched JNCC TVK: NHMSYS0000459348
2026-01-24 16:37:23,526 - DEBUG - Unmatched JNCC TVK: NHMSYS0000459352
2026-01-24 16:37:23,526 - DEBUG - Unmatched JNCC TVK: NHMSYS0000459354
2026-01-24 16:37:23,526 - DEBUG - Unmatched JNCC TVK: NHMSYS0000459358
2026-01-24 16:37:23,526 - DEBUG - Unmatched JNCC TVK: NHMSYS0000459362
2026-01-24 16:37:23,526 - DEBUG - Unmatched JNCC TVK: NHMSYS0000459363
2026-01-24 16:37:23,526 - DEBUG - Unmatched JNCC TVK: NHMSYS0000459364
2026-01-24 16:37:23,526 - DEBUG - Unmatched JNCC TVK: NHMSYS0000459367
2026-01-24 16:37:23,526 - DEBUG - Unmatched JNCC TVK: NHMSYS0000459368
2026-01-24 16:37:23,526 - DEBUG - Unmatched JNCC TVK: NHMSYS0000459369
2026-01-24 16:37:23,526 - DEBUG - Unmatched JNCC TVK: NHMSYS0000459370
2026-01-24 16:37:23,526 - DEBUG - Unmatched JNCC TVK: NHMSYS0000459371
2026-01-24 16:37:23,526 - DEBUG - Unmatched JNCC TVK: NHMSYS0000459375
2026-01-24 16:37:23,526 - DEBUG - Unmatched JNCC TVK: NHMSYS0000459384
2026-01-24 16:37:23,526 - DEBUG - Unmatched JNCC TVK: NHMSYS0000459388
2026-01-24 16:37:23,526 - DEBUG - Unmatched JNCC TVK: NHMSYS0000459392
2026-01-24 16:37:23,526 - DEBUG - Unmatched JNCC TVK: NHMSYS0000459396
2026-01-24 16:37:23,526 - DEBUG - Unmatched JNCC TVK: NHMSYS0000459397
2026-01-24 16:37:23,526 - DEBUG - Unmatched JNCC TVK: NHMSYS0000459400
2026-01-24 16:37:23,526 - DEBUG - Unmatched JNCC TVK: NHMSYS0000459401
2026-01-24 16:37:23,526 - DEBUG - Unmatched JNCC TVK: NHMSYS0000459403
2026-01-24 16:37:23,526 - DEBUG - Unmatched JNCC TVK: NHMSYS0000459407
2026-01-24 16:37:23,526 - DEBUG - Unmatched JNCC TVK: NHMSYS0000459408
2026-01-24 16:37:23,526 - DEBUG - Unmatched JNCC TVK: NHMSYS0000459409
2026-01-24 16:37:23,526 - DEBUG - Unmatched JNCC TVK: NHMSYS0000459410
2026-01-24 16:37:23,526 - DEBUG - Unmatched JNCC TVK: NHMSYS0000459412
2026-01-24 16:37:23,526 - DEBUG - Unmatched JNCC TVK: NHMSYS0000459413
2026-01-24 16:37:23,526 - DEBUG - Unmatched JNCC TVK: NHMSYS0000459414
2026-01-24 16:37:23,526 - DEBUG - Unmatched JNCC TVK: NHMSYS0000459415
2026-01-24 16:37:23,526 - DEBUG - Unmatched JNCC TVK: NHMSYS0000459418
2026-01-24 16:37:23,526 - DEBUG - Unmatched JNCC TVK: NHMSYS0000459427
2026-01-24 16:37:23,526 - DEBUG - Unmatched JNCC TVK: NHMSYS0000459428
2026-01-24 16:37:23,526 - DEBUG - Unmatched JNCC TVK: NHMSYS0000459429
2026-01-24 16:37:23,526 - DEBUG - Unmatched JNCC TVK: NHMSYS0000459436
2026-01-24 16:37:23,526 - DEBUG - Unmatched JNCC TVK: NHMSYS0000459441
2026-01-24 16:37:23,526 - DEBUG - Unmatched JNCC TVK: NHMSYS0000459450
2026-01-24 16:37:23,526 - DEBUG - Unmatched JNCC TVK: NHMSYS0000459451
2026-01-24 16:37:23,526 - DEBUG - Unmatched JNCC TVK: NHMSYS0000459455
2026-01-24 16:37:23,526 - DEBUG - Unmatched JNCC TVK: NHMSYS0000459459
2026-01-24 16:37:23,526 - DEBUG - Unmatched JNCC TVK: NHMSYS0000459460
2026-01-24 16:37:23,526 - DEBUG - Unmatched JNCC TVK: NHMSYS0000459463
2026-01-24 16:37:23,526 - DEBUG - Unmatched JNCC TVK: NHMSYS0000459464
2026-01-24 16:37:23,526 - DEBUG - Unmatched JNCC TVK: NHMSYS0000459465
2026-01-24 16:37:23,526 - DEBUG - Unmatched JNCC TVK: NHMSYS0000459468
2026-01-24 16:37:23,526 - DEBUG - Unmatched JNCC TVK: NHMSYS0000459471
2026-01-24 16:37:23,526 - DEBUG - Unmatched JNCC TVK: NHMSYS0000459472
2026-01-24 16:37:23,526 - DEBUG - Unmatched JNCC TVK: NHMSYS0000459479
2026-01-24 16:37:23,526 - DEBUG - Unmatched JNCC TVK: NHMSYS0000459480
2026-01-24 16:37:23,526 - DEBUG - Unmatched JNCC TVK: NHMSYS0000459483
2026-01-24 16:37:23,526 - DEBUG - Unmatched JNCC TVK: NHMSYS0000459485
2026-01-24 16:37:23,526 - DEBUG - Unmatched JNCC TVK: NHMSYS0000459492
2026-01-24 16:37:23,526 - DEBUG - Unmatched JNCC TVK: NHMSYS0000459494
2026-01-24 16:37:23,526 - DEBUG - Unmatched JNCC TVK: NHMSYS0000459500
2026-01-24 16:37:23,526 - DEBUG - Unmatched JNCC TVK: NHMSYS0000459502
2026-01-24 16:37:23,526 - DEBUG - Unmatched JNCC TVK: NHMSYS0000459503
2026-01-24 16:37:23,526 - DEBUG - Unmatched JNCC TVK: NHMSYS0000459505
2026-01-24 16:37:23,526 - DEBUG - Unmatched JNCC TVK: NHMSYS0000459506
2026-01-24 16:37:23,526 - DEBUG - Unmatched JNCC TVK: NHMSYS0000459512
2026-01-24 16:37:23,526 - DEBUG - Unmatched JNCC TVK: NHMSYS0000459514
2026-01-24 16:37:23,526 - DEBUG - Unmatched JNCC TVK: NHMSYS0000459521
2026-01-24 16:37:23,526 - DEBUG - Unmatched JNCC TVK: NHMSYS0000459526
2026-01-24 16:37:23,526 - DEBUG - Unmatched JNCC TVK: NHMSYS0000459528
2026-01-24 16:37:23,526 - DEBUG - Unmatched JNCC TVK: NHMSYS0000459529
2026-01-24 16:37:23,526 - DEBUG - Unmatched JNCC TVK: NHMSYS0000459531
2026-01-24 16:37:23,526 - DEBUG - Unmatched JNCC TVK: NHMSYS0000459532
2026-01-24 16:37:23,526 - DEBUG - Unmatched JNCC TVK: NHMSYS0000459534
2026-01-24 16:37:23,526 - DEBUG - Unmatched JNCC TVK: NHMSYS0000459538
2026-01-24 16:37:23,526 - DEBUG - Unmatched JNCC TVK: NHMSYS0000459540
2026-01-24 16:37:23,526 - DEBUG - Unmatched JNCC TVK: NHMSYS0000459541
2026-01-24 16:37:23,526 - DEBUG - Unmatched JNCC TVK: NHMSYS0000459548
2026-01-24 16:37:23,526 - DEBUG - Unmatched JNCC TVK: NHMSYS0000459554
2026-01-24 16:37:23,526 - DEBUG - Unmatched JNCC TVK: NHMSYS0000459555
2026-01-24 16:37:23,526 - DEBUG - Unmatched JNCC TVK: NHMSYS0000459561
2026-01-24 16:37:23,526 - DEBUG - Unmatched JNCC TVK: NHMSYS0000459562
2026-01-24 16:37:23,526 - DEBUG - Unmatched JNCC TVK: NHMSYS0000459563
2026-01-24 16:37:23,527 - DEBUG - Unmatched JNCC TVK: NHMSYS0000459564
2026-01-24 16:37:23,527 - DEBUG - Unmatched JNCC TVK: NHMSYS0000459565
2026-01-24 16:37:23,527 - DEBUG - Unmatched JNCC TVK: NHMSYS0000459570
2026-01-24 16:37:23,527 - DEBUG - Unmatched JNCC TVK: NHMSYS0000459575
2026-01-24 16:37:23,527 - DEBUG - Unmatched JNCC TVK: NHMSYS0000459578
2026-01-24 16:37:23,527 - DEBUG - Unmatched JNCC TVK: NHMSYS0000459579
2026-01-24 16:37:23,527 - DEBUG - Unmatched JNCC TVK: NHMSYS0000459583
2026-01-24 16:37:23,527 - DEBUG - Unmatched JNCC TVK: NHMSYS0000459590
2026-01-24 16:37:23,527 - DEBUG - Unmatched JNCC TVK: NHMSYS0000459593
2026-01-24 16:37:23,527 - DEBUG - Unmatched JNCC TVK: NHMSYS0000459594
2026-01-24 16:37:23,527 - DEBUG - Unmatched JNCC TVK: NHMSYS0000459597
2026-01-24 16:37:23,527 - DEBUG - Unmatched JNCC TVK: NHMSYS0000459607
2026-01-24 16:37:23,527 - DEBUG - Unmatched JNCC TVK: NHMSYS0000459633
2026-01-24 16:37:23,527 - DEBUG - Unmatched JNCC TVK: NHMSYS0000459634
2026-01-24 16:37:23,527 - DEBUG - Unmatched JNCC TVK: NHMSYS0000459641
2026-01-24 16:37:23,527 - DEBUG - Unmatched JNCC TVK: NHMSYS0000459642
2026-01-24 16:37:23,527 - DEBUG - Unmatched JNCC TVK: NHMSYS0000459644
2026-01-24 16:37:23,527 - DEBUG - Unmatched JNCC TVK: NHMSYS0000459645
2026-01-24 16:37:23,527 - DEBUG - Unmatched JNCC TVK: NHMSYS0000459648
2026-01-24 16:37:23,527 - DEBUG - Unmatched JNCC TVK: NHMSYS0000459649
2026-01-24 16:37:23,527 - DEBUG - Unmatched JNCC TVK: NHMSYS0000459656
2026-01-24 16:37:23,527 - DEBUG - Unmatched JNCC TVK: NHMSYS0000459658
2026-01-24 16:37:23,527 - DEBUG - Unmatched JNCC TVK: NHMSYS0000459663
2026-01-24 16:37:23,527 - DEBUG - Unmatched JNCC TVK: NHMSYS0000459676
2026-01-24 16:37:23,527 - DEBUG - Unmatched JNCC TVK: NHMSYS0000459679
2026-01-24 16:37:23,527 - DEBUG - Unmatched JNCC TVK: NHMSYS0000459685
2026-01-24 16:37:23,527 - DEBUG - Unmatched JNCC TVK: NHMSYS0000459688
2026-01-24 16:37:23,527 - DEBUG - Unmatched JNCC TVK: NHMSYS0000459693
2026-01-24 16:37:23,527 - DEBUG - Unmatched JNCC TVK: NHMSYS0000459694
2026-01-24 16:37:23,527 - DEBUG - Unmatched JNCC TVK: NHMSYS0000459695
2026-01-24 16:37:23,527 - DEBUG - Unmatched JNCC TVK: NHMSYS0000459696
2026-01-24 16:37:23,527 - DEBUG - Unmatched JNCC TVK: NHMSYS0000459697
2026-01-24 16:37:23,527 - DEBUG - Unmatched JNCC TVK: NHMSYS0000459701
2026-01-24 16:37:23,527 - DEBUG - Unmatched JNCC TVK: NHMSYS0000459703
2026-01-24 16:37:23,527 - DEBUG - Unmatched JNCC TVK: NHMSYS0000459815
2026-01-24 16:37:23,527 - DEBUG - Unmatched JNCC TVK: NHMSYS0000459816
2026-01-24 16:37:23,527 - DEBUG - Unmatched JNCC TVK: NHMSYS0000459818
2026-01-24 16:37:23,527 - DEBUG - Unmatched JNCC TVK: NHMSYS0000459821
2026-01-24 16:37:23,527 - DEBUG - Unmatched JNCC TVK: NHMSYS0000459822
2026-01-24 16:37:23,527 - DEBUG - Unmatched JNCC TVK: NHMSYS0000459823
2026-01-24 16:37:23,527 - DEBUG - Unmatched JNCC TVK: NHMSYS0000459824
2026-01-24 16:37:23,527 - DEBUG - Unmatched JNCC TVK: NHMSYS0000459854
2026-01-24 16:37:23,527 - DEBUG - Unmatched JNCC TVK: NHMSYS0000460002
2026-01-24 16:37:23,527 - DEBUG - Unmatched JNCC TVK: NHMSYS0000460003
2026-01-24 16:37:23,527 - DEBUG - Unmatched JNCC TVK: NHMSYS0000460077
2026-01-24 16:37:23,527 - DEBUG - Unmatched JNCC TVK: NHMSYS0000460307
2026-01-24 16:37:23,527 - DEBUG - Unmatched JNCC TVK: NHMSYS0000460354
2026-01-24 16:37:23,527 - DEBUG - Unmatched JNCC TVK: NHMSYS0000460355
2026-01-24 16:37:23,527 - DEBUG - Unmatched JNCC TVK: NHMSYS0000460356
2026-01-24 16:37:23,527 - DEBUG - Unmatched JNCC TVK: NHMSYS0000460357
2026-01-24 16:37:23,527 - DEBUG - Unmatched JNCC TVK: NHMSYS0000460359
2026-01-24 16:37:23,527 - DEBUG - Unmatched JNCC TVK: NHMSYS0000460360
2026-01-24 16:37:23,527 - DEBUG - Unmatched JNCC TVK: NHMSYS0000460362
2026-01-24 16:37:23,527 - DEBUG - Unmatched JNCC TVK: NHMSYS0000460498
2026-01-24 16:37:23,527 - DEBUG - Unmatched JNCC TVK: NHMSYS0000460653
2026-01-24 16:37:23,527 - DEBUG - Unmatched JNCC TVK: NHMSYS0000460654
2026-01-24 16:37:23,527 - DEBUG - Unmatched JNCC TVK: NHMSYS0000460730
2026-01-24 16:37:23,527 - DEBUG - Unmatched JNCC TVK: NHMSYS0000460747
2026-01-24 16:37:23,527 - DEBUG - Unmatched JNCC TVK: NHMSYS0000460748
2026-01-24 16:37:23,527 - DEBUG - Unmatched JNCC TVK: NHMSYS0000460771
2026-01-24 16:37:23,527 - DEBUG - Unmatched JNCC TVK: NHMSYS0000461135
2026-01-24 16:37:23,527 - DEBUG - Unmatched JNCC TVK: NHMSYS0000461137
2026-01-24 16:37:23,527 - DEBUG - Unmatched JNCC TVK: NHMSYS0000461277
2026-01-24 16:37:23,527 - DEBUG - Unmatched JNCC TVK: NHMSYS0000461493
2026-01-24 16:37:23,527 - DEBUG - Unmatched JNCC TVK: NHMSYS0000461550
2026-01-24 16:37:23,527 - DEBUG - Unmatched JNCC TVK: NHMSYS0000461551
2026-01-24 16:37:23,527 - DEBUG - Unmatched JNCC TVK: NHMSYS0000461643
2026-01-24 16:37:23,527 - DEBUG - Unmatched JNCC TVK: NHMSYS0000461648
2026-01-24 16:37:23,527 - DEBUG - Unmatched JNCC TVK: NHMSYS0000461677
2026-01-24 16:37:23,527 - DEBUG - Unmatched JNCC TVK: NHMSYS0000461678
2026-01-24 16:37:23,527 - DEBUG - Unmatched JNCC TVK: NHMSYS0000461679
2026-01-24 16:37:23,527 - DEBUG - Unmatched JNCC TVK: NHMSYS0000461764
2026-01-24 16:37:23,527 - DEBUG - Unmatched JNCC TVK: NHMSYS0000461833
2026-01-24 16:37:23,527 - DEBUG - Unmatched JNCC TVK: NHMSYS0000461834
2026-01-24 16:37:23,527 - DEBUG - Unmatched JNCC TVK: NHMSYS0000461873
2026-01-24 16:37:23,527 - DEBUG - Unmatched JNCC TVK: NHMSYS0000461971
2026-01-24 16:37:23,527 - DEBUG - Unmatched JNCC TVK: NHMSYS0000462031
2026-01-24 16:37:23,527 - DEBUG - Unmatched JNCC TVK: NHMSYS0000462032
2026-01-24 16:37:23,527 - DEBUG - Unmatched JNCC TVK: NHMSYS0000462083
2026-01-24 16:37:23,527 - DEBUG - Unmatched JNCC TVK: NHMSYS0000462132
2026-01-24 16:37:23,527 - DEBUG - Unmatched JNCC TVK: NHMSYS0000462133
2026-01-24 16:37:23,527 - DEBUG - Unmatched JNCC TVK: NHMSYS0000462192
2026-01-24 16:37:23,528 - DEBUG - Unmatched JNCC TVK: NHMSYS0000462193
2026-01-24 16:37:23,528 - DEBUG - Unmatched JNCC TVK: NHMSYS0000462247
2026-01-24 16:37:23,528 - DEBUG - Unmatched JNCC TVK: NHMSYS0000462248
2026-01-24 16:37:23,528 - DEBUG - Unmatched JNCC TVK: NHMSYS0000462250
2026-01-24 16:37:23,528 - DEBUG - Unmatched JNCC TVK: NHMSYS0000462261
2026-01-24 16:37:23,528 - DEBUG - Unmatched JNCC TVK: NHMSYS0000462262
2026-01-24 16:37:23,528 - DEBUG - Unmatched JNCC TVK: NHMSYS0000462282
2026-01-24 16:37:23,528 - DEBUG - Unmatched JNCC TVK: NHMSYS0000462283
2026-01-24 16:37:23,528 - DEBUG - Unmatched JNCC TVK: NHMSYS0000462356
2026-01-24 16:37:23,528 - DEBUG - Unmatched JNCC TVK: NHMSYS0000462357
2026-01-24 16:37:23,528 - DEBUG - Unmatched JNCC TVK: NHMSYS0000462359
2026-01-24 16:37:23,528 - DEBUG - Unmatched JNCC TVK: NHMSYS0000462360
2026-01-24 16:37:23,528 - DEBUG - Unmatched JNCC TVK: NHMSYS0000462361
2026-01-24 16:37:23,528 - DEBUG - Unmatched JNCC TVK: NHMSYS0000462362
2026-01-24 16:37:23,528 - DEBUG - Unmatched JNCC TVK: NHMSYS0000462447
2026-01-24 16:37:23,528 - DEBUG - Unmatched JNCC TVK: NHMSYS0000462449
2026-01-24 16:37:23,528 - DEBUG - Unmatched JNCC TVK: NHMSYS0000462592
2026-01-24 16:37:23,528 - DEBUG - Unmatched JNCC TVK: NHMSYS0000462619
2026-01-24 16:37:23,528 - DEBUG - Unmatched JNCC TVK: NHMSYS0000462620
2026-01-24 16:37:23,528 - DEBUG - Unmatched JNCC TVK: NHMSYS0000462623
2026-01-24 16:37:23,528 - DEBUG - Unmatched JNCC TVK: NHMSYS0000462660
2026-01-24 16:37:23,528 - DEBUG - Unmatched JNCC TVK: NHMSYS0000462666
2026-01-24 16:37:23,528 - DEBUG - Unmatched JNCC TVK: NHMSYS0000462671
2026-01-24 16:37:23,528 - DEBUG - Unmatched JNCC TVK: NHMSYS0000462676
2026-01-24 16:37:23,528 - DEBUG - Unmatched JNCC TVK: NHMSYS0000462719
2026-01-24 16:37:23,528 - DEBUG - Unmatched JNCC TVK: NHMSYS0000462743
2026-01-24 16:37:23,528 - DEBUG - Unmatched JNCC TVK: NHMSYS0000462755
2026-01-24 16:37:23,528 - DEBUG - Unmatched JNCC TVK: NHMSYS0000462768
2026-01-24 16:37:23,528 - DEBUG - Unmatched JNCC TVK: NHMSYS0000462777
2026-01-24 16:37:23,528 - DEBUG - Unmatched JNCC TVK: NHMSYS0000462781
2026-01-24 16:37:23,528 - DEBUG - Unmatched JNCC TVK: NHMSYS0000462815
2026-01-24 16:37:23,528 - DEBUG - Unmatched JNCC TVK: NHMSYS0000462834
2026-01-24 16:37:23,528 - DEBUG - Unmatched JNCC TVK: NHMSYS0000462835
2026-01-24 16:37:23,528 - DEBUG - Unmatched JNCC TVK: NHMSYS0000462839
2026-01-24 16:37:23,528 - DEBUG - Unmatched JNCC TVK: NHMSYS0000462847
2026-01-24 16:37:23,528 - DEBUG - Unmatched JNCC TVK: NHMSYS0000462853
2026-01-24 16:37:23,528 - DEBUG - Unmatched JNCC TVK: NHMSYS0000462860
2026-01-24 16:37:23,528 - DEBUG - Unmatched JNCC TVK: NHMSYS0000462878
2026-01-24 16:37:23,528 - DEBUG - Unmatched JNCC TVK: NHMSYS0000462883
2026-01-24 16:37:23,528 - DEBUG - Unmatched JNCC TVK: NHMSYS0000462916
2026-01-24 16:37:23,528 - DEBUG - Unmatched JNCC TVK: NHMSYS0000462934
2026-01-24 16:37:23,528 - DEBUG - Unmatched JNCC TVK: NHMSYS0000462952
2026-01-24 16:37:23,528 - DEBUG - Unmatched JNCC TVK: NHMSYS0000462957
2026-01-24 16:37:23,528 - DEBUG - Unmatched JNCC TVK: NHMSYS0000462959
2026-01-24 16:37:23,528 - DEBUG - Unmatched JNCC TVK: NHMSYS0000462960
2026-01-24 16:37:23,528 - DEBUG - Unmatched JNCC TVK: NHMSYS0000462961
2026-01-24 16:37:23,528 - DEBUG - Unmatched JNCC TVK: NHMSYS0000462963
2026-01-24 16:37:23,528 - DEBUG - Unmatched JNCC TVK: NHMSYS0000462972
2026-01-24 16:37:23,528 - DEBUG - Unmatched JNCC TVK: NHMSYS0000463070
2026-01-24 16:37:23,528 - DEBUG - Unmatched JNCC TVK: NHMSYS0000463075
2026-01-24 16:37:23,528 - DEBUG - Unmatched JNCC TVK: NHMSYS0000463088
2026-01-24 16:37:23,528 - DEBUG - Unmatched JNCC TVK: NHMSYS0000463089
2026-01-24 16:37:23,528 - DEBUG - Unmatched JNCC TVK: NHMSYS0000463093
2026-01-24 16:37:23,528 - DEBUG - Unmatched JNCC TVK: NHMSYS0000463182
2026-01-24 16:37:23,528 - DEBUG - Unmatched JNCC TVK: NHMSYS0000463223
2026-01-24 16:37:23,528 - DEBUG - Unmatched JNCC TVK: NHMSYS0000463330
2026-01-24 16:37:23,528 - DEBUG - Unmatched JNCC TVK: NHMSYS0000463331
2026-01-24 16:37:23,528 - DEBUG - Unmatched JNCC TVK: NHMSYS0000463463
2026-01-24 16:37:23,528 - DEBUG - Unmatched JNCC TVK: NHMSYS0000463845
2026-01-24 16:37:23,528 - DEBUG - Unmatched JNCC TVK: NHMSYS0000463975
2026-01-24 16:37:23,528 - DEBUG - Unmatched JNCC TVK: NHMSYS0000464010
2026-01-24 16:37:23,528 - DEBUG - Unmatched JNCC TVK: NHMSYS0000464018
2026-01-24 16:37:23,528 - DEBUG - Unmatched JNCC TVK: NHMSYS0000464115
2026-01-24 16:37:23,528 - DEBUG - Unmatched JNCC TVK: NHMSYS0000464161
2026-01-24 16:37:23,528 - DEBUG - Unmatched JNCC TVK: NHMSYS0000464165
2026-01-24 16:37:23,528 - DEBUG - Unmatched JNCC TVK: NHMSYS0000464169
2026-01-24 16:37:23,528 - DEBUG - Unmatched JNCC TVK: NHMSYS0000464170
2026-01-24 16:37:23,528 - DEBUG - Unmatched JNCC TVK: NHMSYS0000464175
2026-01-24 16:37:23,528 - DEBUG - Unmatched JNCC TVK: NHMSYS0000464179
2026-01-24 16:37:23,528 - DEBUG - Unmatched JNCC TVK: NHMSYS0000464181
2026-01-24 16:37:23,528 - DEBUG - Unmatched JNCC TVK: NHMSYS0000464182
2026-01-24 16:37:23,528 - DEBUG - Unmatched JNCC TVK: NHMSYS0000464183
2026-01-24 16:37:23,528 - DEBUG - Unmatched JNCC TVK: NHMSYS0000464184
2026-01-24 16:37:23,528 - DEBUG - Unmatched JNCC TVK: NHMSYS0000464187
2026-01-24 16:37:23,528 - DEBUG - Unmatched JNCC TVK: NHMSYS0000464188
2026-01-24 16:37:23,528 - DEBUG - Unmatched JNCC TVK: NHMSYS0000464191
2026-01-24 16:37:23,528 - DEBUG - Unmatched JNCC TVK: NHMSYS0000464193
2026-01-24 16:37:23,528 - DEBUG - Unmatched JNCC TVK: NHMSYS0000464194
2026-01-24 16:37:23,528 - DEBUG - Unmatched JNCC TVK: NHMSYS0000464195
2026-01-24 16:37:23,528 - DEBUG - Unmatched JNCC TVK: NHMSYS0000464200
2026-01-24 16:37:23,528 - DEBUG - Unmatched JNCC TVK: NHMSYS0000464201
2026-01-24 16:37:23,528 - DEBUG - Unmatched JNCC TVK: NHMSYS0000464202
2026-01-24 16:37:23,528 - DEBUG - Unmatched JNCC TVK: NHMSYS0000464204
2026-01-24 16:37:23,528 - DEBUG - Unmatched JNCC TVK: NHMSYS0000464206
2026-01-24 16:37:23,528 - DEBUG - Unmatched JNCC TVK: NHMSYS0000464208
2026-01-24 16:37:23,528 - DEBUG - Unmatched JNCC TVK: NHMSYS0000464209
2026-01-24 16:37:23,528 - DEBUG - Unmatched JNCC TVK: NHMSYS0000464215
2026-01-24 16:37:23,528 - DEBUG - Unmatched JNCC TVK: NHMSYS0000464218
2026-01-24 16:37:23,528 - DEBUG - Unmatched JNCC TVK: NHMSYS0000464220
2026-01-24 16:37:23,528 - DEBUG - Unmatched JNCC TVK: NHMSYS0000464223
2026-01-24 16:37:23,528 - DEBUG - Unmatched JNCC TVK: NHMSYS0000464225
2026-01-24 16:37:23,528 - DEBUG - Unmatched JNCC TVK: NHMSYS0000464228
2026-01-24 16:37:23,528 - DEBUG - Unmatched JNCC TVK: NHMSYS0000464229
2026-01-24 16:37:23,528 - DEBUG - Unmatched JNCC TVK: NHMSYS0000464231
2026-01-24 16:37:23,528 - DEBUG - Unmatched JNCC TVK: NHMSYS0000464234
2026-01-24 16:37:23,528 - DEBUG - Unmatched JNCC TVK: NHMSYS0000464236
2026-01-24 16:37:23,528 - DEBUG - Unmatched JNCC TVK: NHMSYS0000464237
2026-01-24 16:37:23,528 - DEBUG - Unmatched JNCC TVK: NHMSYS0000464244
2026-01-24 16:37:23,528 - DEBUG - Unmatched JNCC TVK: NHMSYS0000464246
2026-01-24 16:37:23,528 - DEBUG - Unmatched JNCC TVK: NHMSYS0000464251
2026-01-24 16:37:23,528 - DEBUG - Unmatched JNCC TVK: NHMSYS0000464252
2026-01-24 16:37:23,528 - DEBUG - Unmatched JNCC TVK: NHMSYS0000464254
2026-01-24 16:37:23,528 - DEBUG - Unmatched JNCC TVK: NHMSYS0000464258
2026-01-24 16:37:23,528 - DEBUG - Unmatched JNCC TVK: NHMSYS0000464259
2026-01-24 16:37:23,528 - DEBUG - Unmatched JNCC TVK: NHMSYS0000464260
2026-01-24 16:37:23,528 - DEBUG - Unmatched JNCC TVK: NHMSYS0000464261
2026-01-24 16:37:23,528 - DEBUG - Unmatched JNCC TVK: NHMSYS0000464265
2026-01-24 16:37:23,528 - DEBUG - Unmatched JNCC TVK: NHMSYS0000464266
2026-01-24 16:37:23,528 - DEBUG - Unmatched JNCC TVK: NHMSYS0000464267
2026-01-24 16:37:23,528 - DEBUG - Unmatched JNCC TVK: NHMSYS0000464271
2026-01-24 16:37:23,528 - DEBUG - Unmatched JNCC TVK: NHMSYS0000464273
2026-01-24 16:37:23,528 - DEBUG - Unmatched JNCC TVK: NHMSYS0000464276
2026-01-24 16:37:23,528 - DEBUG - Unmatched JNCC TVK: NHMSYS0000464277
2026-01-24 16:37:23,528 - DEBUG - Unmatched JNCC TVK: NHMSYS0000464283
2026-01-24 16:37:23,528 - DEBUG - Unmatched JNCC TVK: NHMSYS0000464286
2026-01-24 16:37:23,528 - DEBUG - Unmatched JNCC TVK: NHMSYS0000464287
2026-01-24 16:37:23,528 - DEBUG - Unmatched JNCC TVK: NHMSYS0000464289
2026-01-24 16:37:23,528 - DEBUG - Unmatched JNCC TVK: NHMSYS0000464290
2026-01-24 16:37:23,528 - DEBUG - Unmatched JNCC TVK: NHMSYS0000464292
2026-01-24 16:37:23,528 - DEBUG - Unmatched JNCC TVK: NHMSYS0000464297
2026-01-24 16:37:23,528 - DEBUG - Unmatched JNCC TVK: NHMSYS0000464300
2026-01-24 16:37:23,528 - DEBUG - Unmatched JNCC TVK: NHMSYS0000464301
2026-01-24 16:37:23,528 - DEBUG - Unmatched JNCC TVK: NHMSYS0000464303
2026-01-24 16:37:23,528 - DEBUG - Unmatched JNCC TVK: NHMSYS0000464314
2026-01-24 16:37:23,528 - DEBUG - Unmatched JNCC TVK: NHMSYS0000464316
2026-01-24 16:37:23,528 - DEBUG - Unmatched JNCC TVK: NHMSYS0000464321
2026-01-24 16:37:23,530 - DEBUG - Unmatched JNCC TVK: NHMSYS0000464325
2026-01-24 16:37:23,530 - DEBUG - Unmatched JNCC TVK: NHMSYS0000464328
2026-01-24 16:37:23,530 - DEBUG - Unmatched JNCC TVK: NHMSYS0000464332
2026-01-24 16:37:23,530 - DEBUG - Unmatched JNCC TVK: NHMSYS0000464336
2026-01-24 16:37:23,530 - DEBUG - Unmatched JNCC TVK: NHMSYS0000464339
2026-01-24 16:37:23,530 - DEBUG - Unmatched JNCC TVK: NHMSYS0000464344
2026-01-24 16:37:23,530 - DEBUG - Unmatched JNCC TVK: NHMSYS0000464348
2026-01-24 16:37:23,530 - DEBUG - Unmatched JNCC TVK: NHMSYS0000464372
2026-01-24 16:37:23,530 - DEBUG - Unmatched JNCC TVK: NHMSYS0000464373
2026-01-24 16:37:23,530 - DEBUG - Unmatched JNCC TVK: NHMSYS0000464447
2026-01-24 16:37:23,530 - DEBUG - Unmatched JNCC TVK: NHMSYS0000464568
2026-01-24 16:37:23,530 - DEBUG - Unmatched JNCC TVK: NHMSYS0000464736
2026-01-24 16:37:23,530 - DEBUG - Unmatched JNCC TVK: NHMSYS0000464821
2026-01-24 16:37:23,530 - DEBUG - Unmatched JNCC TVK: NHMSYS0000464822
2026-01-24 16:37:23,530 - DEBUG - Unmatched JNCC TVK: NHMSYS0000464833
2026-01-24 16:37:23,530 - DEBUG - Unmatched JNCC TVK: NHMSYS0000464834
2026-01-24 16:37:23,530 - DEBUG - Unmatched JNCC TVK: NHMSYS0000464863
2026-01-24 16:37:23,530 - DEBUG - Unmatched JNCC TVK: NHMSYS0000464881
2026-01-24 16:37:23,530 - DEBUG - Unmatched JNCC TVK: NHMSYS0000464883
2026-01-24 16:37:23,530 - DEBUG - Unmatched JNCC TVK: NHMSYS0000464892
2026-01-24 16:37:23,530 - DEBUG - Unmatched JNCC TVK: NHMSYS0000464893
2026-01-24 16:37:23,530 - DEBUG - Unmatched JNCC TVK: NHMSYS0000464895
2026-01-24 16:37:23,530 - DEBUG - Unmatched JNCC TVK: NHMSYS0000464902
2026-01-24 16:37:23,530 - DEBUG - Unmatched JNCC TVK: NHMSYS0000464904
2026-01-24 16:37:23,530 - DEBUG - Unmatched JNCC TVK: NHMSYS0000464940
2026-01-24 16:37:23,530 - DEBUG - Unmatched JNCC TVK: NHMSYS0000465217
2026-01-24 16:37:23,530 - DEBUG - Unmatched JNCC TVK: NHMSYS0000494763
2026-01-24 16:37:23,530 - DEBUG - Unmatched JNCC TVK: NHMSYS0000494978
2026-01-24 16:37:23,530 - DEBUG - Unmatched JNCC TVK: NHMSYS0000502289
2026-01-24 16:37:23,530 - DEBUG - Unmatched JNCC TVK: NHMSYS0000502585
2026-01-24 16:37:23,530 - DEBUG - Unmatched JNCC TVK: NHMSYS0000523073
2026-01-24 16:37:23,530 - DEBUG - Unmatched JNCC TVK: NHMSYS0000523179
2026-01-24 16:37:23,530 - DEBUG - Unmatched JNCC TVK: NHMSYS0000523214
2026-01-24 16:37:23,530 - DEBUG - Unmatched JNCC TVK: NHMSYS0000523253
2026-01-24 16:37:23,530 - DEBUG - Unmatched JNCC TVK: NHMSYS0000523323
2026-01-24 16:37:23,530 - DEBUG - Unmatched JNCC TVK: NHMSYS0000523328
2026-01-24 16:37:23,530 - DEBUG - Unmatched JNCC TVK: NHMSYS0000523332
2026-01-24 16:37:23,530 - DEBUG - Unmatched JNCC TVK: NHMSYS0000528008
2026-01-24 16:37:23,530 - DEBUG - Unmatched JNCC TVK: NHMSYS0000528625
2026-01-24 16:37:23,530 - DEBUG - Unmatched JNCC TVK: NHMSYS0000530119
2026-01-24 16:37:23,530 - DEBUG - Unmatched JNCC TVK: NHMSYS0000530216
2026-01-24 16:37:23,530 - DEBUG - Unmatched JNCC TVK: NHMSYS0000530273
2026-01-24 16:37:23,530 - DEBUG - Unmatched JNCC TVK: NHMSYS0000530274
2026-01-24 16:37:23,530 - DEBUG - Unmatched JNCC TVK: NHMSYS0000530292
2026-01-24 16:37:23,530 - DEBUG - Unmatched JNCC TVK: NHMSYS0000530375
2026-01-24 16:37:23,530 - DEBUG - Unmatched JNCC TVK: NHMSYS0000530414
2026-01-24 16:37:23,530 - DEBUG - Unmatched JNCC TVK: NHMSYS0000530453
2026-01-24 16:37:23,530 - DEBUG - Unmatched JNCC TVK: NHMSYS0000532791
2026-01-24 16:37:23,530 - DEBUG - Unmatched JNCC TVK: NHMSYS0000532795
2026-01-24 16:37:23,530 - DEBUG - Unmatched JNCC TVK: NHMSYS0000532831
2026-01-24 16:37:23,530 - DEBUG - Unmatched JNCC TVK: NHMSYS0000532975
2026-01-24 16:37:23,530 - DEBUG - Unmatched JNCC TVK: NHMSYS0000533983
2026-01-24 16:37:23,530 - DEBUG - Unmatched JNCC TVK: NHMSYS0000534055
2026-01-24 16:37:23,530 - DEBUG - Unmatched JNCC TVK: NHMSYS0000544660
2026-01-24 16:37:23,530 - DEBUG - Unmatched JNCC TVK: NHMSYS0000545672
2026-01-24 16:37:23,530 - DEBUG - Unmatched JNCC TVK: NHMSYS0000600173
2026-01-24 16:37:23,530 - DEBUG - Unmatched JNCC TVK: NHMSYS0000601482
2026-01-24 16:37:23,530 - DEBUG - Unmatched JNCC TVK: NHMSYS0000601657
2026-01-24 16:37:23,530 - DEBUG - Unmatched JNCC TVK: NHMSYS0000605645
2026-01-24 16:37:23,530 - DEBUG - Unmatched JNCC TVK: NHMSYS0000840622
2026-01-24 16:37:23,530 - DEBUG - Unmatched JNCC TVK: NHMSYS0000840637
2026-01-24 16:37:23,530 - DEBUG - Unmatched JNCC TVK: NHMSYS0000840645
2026-01-24 16:37:23,530 - DEBUG - Unmatched JNCC TVK: NHMSYS0000840653
2026-01-24 16:37:23,530 - DEBUG - Unmatched JNCC TVK: NHMSYS0000840663
2026-01-24 16:37:23,530 - DEBUG - Unmatched JNCC TVK: NHMSYS0000840667
2026-01-24 16:37:23,530 - DEBUG - Unmatched JNCC TVK: NHMSYS0000840682
2026-01-24 16:37:23,530 - DEBUG - Unmatched JNCC TVK: NHMSYS0000840687
2026-01-24 16:37:23,530 - DEBUG - Unmatched JNCC TVK: NHMSYS0000840690
2026-01-24 16:37:23,530 - DEBUG - Unmatched JNCC TVK: NHMSYS0000840691
2026-01-24 16:37:23,530 - DEBUG - Unmatched JNCC TVK: NHMSYS0000840707
2026-01-24 16:37:23,530 - DEBUG - Unmatched JNCC TVK: NHMSYS0000840708
2026-01-24 16:37:23,530 - DEBUG - Unmatched JNCC TVK: NHMSYS0000840709
2026-01-24 16:37:23,530 - DEBUG - Unmatched JNCC TVK: NHMSYS0000840710
2026-01-24 16:37:23,530 - DEBUG - Unmatched JNCC TVK: NHMSYS0000840711
2026-01-24 16:37:23,530 - DEBUG - Unmatched JNCC TVK: NHMSYS0000840712
2026-01-24 16:37:23,530 - DEBUG - Unmatched JNCC TVK: NHMSYS0000840713
2026-01-24 16:37:23,530 - DEBUG - Unmatched JNCC TVK: NHMSYS0000840714
2026-01-24 16:37:23,530 - DEBUG - Unmatched JNCC TVK: NHMSYS0000840718
2026-01-24 16:37:23,530 - DEBUG - Unmatched JNCC TVK: NHMSYS0000840719
2026-01-24 16:37:23,530 - DEBUG - Unmatched JNCC TVK: NHMSYS0000840720
2026-01-24 16:37:23,530 - DEBUG - Unmatched JNCC TVK: NHMSYS0000840725
2026-01-24 16:37:23,530 - DEBUG - Unmatched JNCC TVK: NHMSYS0000840726
2026-01-24 16:37:23,530 - DEBUG - Unmatched JNCC TVK: NHMSYS0000840728
2026-01-24 16:37:23,531 - DEBUG - Unmatched JNCC TVK: NHMSYS0000840729
2026-01-24 16:37:23,531 - DEBUG - Unmatched JNCC TVK: NHMSYS0000840736
2026-01-24 16:37:23,531 - DEBUG - Unmatched JNCC TVK: NHMSYS0000840741
2026-01-24 16:37:23,531 - DEBUG - Unmatched JNCC TVK: NHMSYS0000840742
2026-01-24 16:37:23,531 - DEBUG - Unmatched JNCC TVK: NHMSYS0000840743
2026-01-24 16:37:23,531 - DEBUG - Unmatched JNCC TVK: NHMSYS0000840747
2026-01-24 16:37:23,531 - DEBUG - Unmatched JNCC TVK: NHMSYS0000840750
2026-01-24 16:37:23,531 - DEBUG - Unmatched JNCC TVK: NHMSYS0000840752
2026-01-24 16:37:23,531 - DEBUG - Unmatched JNCC TVK: NHMSYS0000840753
2026-01-24 16:37:23,531 - DEBUG - Unmatched JNCC TVK: NHMSYS0000840754
2026-01-24 16:37:23,531 - DEBUG - Unmatched JNCC TVK: NHMSYS0000840758
2026-01-24 16:37:23,531 - DEBUG - Unmatched JNCC TVK: NHMSYS0000840759
2026-01-24 16:37:23,531 - DEBUG - Unmatched JNCC TVK: NHMSYS0000840760
2026-01-24 16:37:23,531 - DEBUG - Unmatched JNCC TVK: NHMSYS0000840761
2026-01-24 16:37:23,531 - DEBUG - Unmatched JNCC TVK: NHMSYS0000840762
2026-01-24 16:37:23,531 - DEBUG - Unmatched JNCC TVK: NHMSYS0000840763
2026-01-24 16:37:23,531 - DEBUG - Unmatched JNCC TVK: NHMSYS0000840768
2026-01-24 16:37:23,531 - DEBUG - Unmatched JNCC TVK: NHMSYS0000840771
2026-01-24 16:37:23,531 - DEBUG - Unmatched JNCC TVK: NHMSYS0000840774
2026-01-24 16:37:23,531 - DEBUG - Unmatched JNCC TVK: NHMSYS0000840776
2026-01-24 16:37:23,531 - DEBUG - Unmatched JNCC TVK: NHMSYS0000840778
2026-01-24 16:37:23,531 - DEBUG - Unmatched JNCC TVK: NHMSYS0000840779
2026-01-24 16:37:23,531 - DEBUG - Unmatched JNCC TVK: NHMSYS0000840782
2026-01-24 16:37:23,531 - DEBUG - Unmatched JNCC TVK: NHMSYS0000840788
2026-01-24 16:37:23,531 - DEBUG - Unmatched JNCC TVK: NHMSYS0000840790
2026-01-24 16:37:23,531 - DEBUG - Unmatched JNCC TVK: NHMSYS0000840794
2026-01-24 16:37:23,531 - DEBUG - Unmatched JNCC TVK: NHMSYS0000840800
2026-01-24 16:37:23,531 - DEBUG - Unmatched JNCC TVK: NHMSYS0000840802
2026-01-24 16:37:23,531 - DEBUG - Unmatched JNCC TVK: NHMSYS0000840806
2026-01-24 16:37:23,531 - DEBUG - Unmatched JNCC TVK: NHMSYS0000840808
2026-01-24 16:37:23,531 - DEBUG - Unmatched JNCC TVK: NHMSYS0000840811
2026-01-24 16:37:23,531 - DEBUG - Unmatched JNCC TVK: NHMSYS0000840812
2026-01-24 16:37:23,531 - DEBUG - Unmatched JNCC TVK: NHMSYS0000840819
2026-01-24 16:37:23,531 - DEBUG - Unmatched JNCC TVK: NHMSYS0000840822
2026-01-24 16:37:23,531 - DEBUG - Unmatched JNCC TVK: NHMSYS0000840829
2026-01-24 16:37:23,531 - DEBUG - Unmatched JNCC TVK: NHMSYS0000840830
2026-01-24 16:37:23,531 - DEBUG - Unmatched JNCC TVK: NHMSYS0000840831
2026-01-24 16:37:23,531 - DEBUG - Unmatched JNCC TVK: NHMSYS0000840835
2026-01-24 16:37:23,531 - DEBUG - Unmatched JNCC TVK: NHMSYS0000840839
2026-01-24 16:37:23,531 - DEBUG - Unmatched JNCC TVK: NHMSYS0000840846
2026-01-24 16:37:23,531 - DEBUG - Unmatched JNCC TVK: NHMSYS0000840849
2026-01-24 16:37:23,531 - DEBUG - Unmatched JNCC TVK: NHMSYS0000840856
2026-01-24 16:37:23,531 - DEBUG - Unmatched JNCC TVK: NHMSYS0000840861
2026-01-24 16:37:23,531 - DEBUG - Unmatched JNCC TVK: NHMSYS0000840867
2026-01-24 16:37:23,531 - DEBUG - Unmatched JNCC TVK: NHMSYS0000840870
2026-01-24 16:37:23,531 - DEBUG - Unmatched JNCC TVK: NHMSYS0000840871
2026-01-24 16:37:23,531 - DEBUG - Unmatched JNCC TVK: NHMSYS0000840879
2026-01-24 16:37:23,531 - DEBUG - Unmatched JNCC TVK: NHMSYS0000840880
2026-01-24 16:37:23,531 - DEBUG - Unmatched JNCC TVK: NHMSYS0000840882
2026-01-24 16:37:23,531 - DEBUG - Unmatched JNCC TVK: NHMSYS0000840883
2026-01-24 16:37:23,531 - DEBUG - Unmatched JNCC TVK: NHMSYS0000840887
2026-01-24 16:37:23,531 - DEBUG - Unmatched JNCC TVK: NHMSYS0000840889
2026-01-24 16:37:23,531 - DEBUG - Unmatched JNCC TVK: NHMSYS0000840893
2026-01-24 16:37:23,531 - DEBUG - Unmatched JNCC TVK: NHMSYS0000840896
2026-01-24 16:37:23,531 - DEBUG - Unmatched JNCC TVK: NHMSYS0000840898
2026-01-24 16:37:23,531 - DEBUG - Unmatched JNCC TVK: NHMSYS0000840902
2026-01-24 16:37:23,531 - DEBUG - Unmatched JNCC TVK: NHMSYS0000840903
2026-01-24 16:37:23,531 - DEBUG - Unmatched JNCC TVK: NHMSYS0000840904
2026-01-24 16:37:23,531 - DEBUG - Unmatched JNCC TVK: NHMSYS0000840909
2026-01-24 16:37:23,531 - DEBUG - Unmatched JNCC TVK: NHMSYS0000840910
2026-01-24 16:37:23,531 - DEBUG - Unmatched JNCC TVK: NHMSYS0000840913
2026-01-24 16:37:23,531 - DEBUG - Unmatched JNCC TVK: NHMSYS0000840914
2026-01-24 16:37:23,531 - DEBUG - Unmatched JNCC TVK: NHMSYS0000840915
2026-01-24 16:37:23,531 - DEBUG - Unmatched JNCC TVK: NHMSYS0000840918
2026-01-24 16:37:23,531 - DEBUG - Unmatched JNCC TVK: NHMSYS0000840921
2026-01-24 16:37:23,531 - DEBUG - Unmatched JNCC TVK: NHMSYS0000840923
2026-01-24 16:37:23,532 - DEBUG - Unmatched JNCC TVK: NHMSYS0000840924
2026-01-24 16:37:23,532 - DEBUG - Unmatched JNCC TVK: NHMSYS0000840925
2026-01-24 16:37:23,532 - DEBUG - Unmatched JNCC TVK: NHMSYS0000840926
2026-01-24 16:37:23,532 - DEBUG - Unmatched JNCC TVK: NHMSYS0000840930
2026-01-24 16:37:23,532 - DEBUG - Unmatched JNCC TVK: NHMSYS0000840938
2026-01-24 16:37:23,532 - DEBUG - Unmatched JNCC TVK: NHMSYS0000840940
2026-01-24 16:37:23,532 - DEBUG - Unmatched JNCC TVK: NHMSYS0000840941
2026-01-24 16:37:23,532 - DEBUG - Unmatched JNCC TVK: NHMSYS0000840943
2026-01-24 16:37:23,532 - DEBUG - Unmatched JNCC TVK: NHMSYS0000840947
2026-01-24 16:37:23,532 - DEBUG - Unmatched JNCC TVK: NHMSYS0000840955
2026-01-24 16:37:23,532 - DEBUG - Unmatched JNCC TVK: NHMSYS0000840956
2026-01-24 16:37:23,532 - DEBUG - Unmatched JNCC TVK: NHMSYS0000840966
2026-01-24 16:37:23,532 - DEBUG - Unmatched JNCC TVK: NHMSYS0000840968
2026-01-24 16:37:23,532 - DEBUG - Unmatched JNCC TVK: NHMSYS0000840969
2026-01-24 16:37:23,532 - DEBUG - Unmatched JNCC TVK: NHMSYS0000840970
2026-01-24 16:37:23,532 - DEBUG - Unmatched JNCC TVK: NHMSYS0000840972
2026-01-24 16:37:23,532 - DEBUG - Unmatched JNCC TVK: NHMSYS0000840974
2026-01-24 16:37:23,532 - DEBUG - Unmatched JNCC TVK: NHMSYS0000840977
2026-01-24 16:37:23,532 - DEBUG - Unmatched JNCC TVK: NHMSYS0000840980
2026-01-24 16:37:23,532 - DEBUG - Unmatched JNCC TVK: NHMSYS0000840981
2026-01-24 16:37:23,532 - DEBUG - Unmatched JNCC TVK: NHMSYS0000840983
2026-01-24 16:37:23,532 - DEBUG - Unmatched JNCC TVK: NHMSYS0000840984
2026-01-24 16:37:23,532 - DEBUG - Unmatched JNCC TVK: NHMSYS0000840989
2026-01-24 16:37:23,532 - DEBUG - Unmatched JNCC TVK: NHMSYS0000840993
2026-01-24 16:37:23,532 - DEBUG - Unmatched JNCC TVK: NHMSYS0000840996
2026-01-24 16:37:23,532 - DEBUG - Unmatched JNCC TVK: NHMSYS0000840997
2026-01-24 16:37:23,532 - DEBUG - Unmatched JNCC TVK: NHMSYS0000840999
2026-01-24 16:37:23,532 - DEBUG - Unmatched JNCC TVK: NHMSYS0000841000
2026-01-24 16:37:23,532 - DEBUG - Unmatched JNCC TVK: NHMSYS0000841001
2026-01-24 16:37:23,532 - DEBUG - Unmatched JNCC TVK: NHMSYS0000841004
2026-01-24 16:37:23,532 - DEBUG - Unmatched JNCC TVK: NHMSYS0000841019
2026-01-24 16:37:23,532 - DEBUG - Unmatched JNCC TVK: NHMSYS0000841044
2026-01-24 16:37:23,532 - DEBUG - Unmatched JNCC TVK: NHMSYS0000841045
2026-01-24 16:37:23,532 - DEBUG - Unmatched JNCC TVK: NHMSYS0000841049
2026-01-24 16:37:23,532 - DEBUG - Unmatched JNCC TVK: NHMSYS0000841371
2026-01-24 16:37:23,532 - DEBUG - Unmatched JNCC TVK: NHMSYS0000857318
2026-01-24 16:37:23,532 - DEBUG - Unmatched JNCC TVK: NHMSYS0000876244
2026-01-24 16:37:23,532 - DEBUG - Unmatched JNCC TVK: NHMSYS0001387317
2026-01-24 16:37:23,532 - DEBUG - Unmatched JNCC TVK: NHMSYS0001472781
2026-01-24 16:37:23,532 - DEBUG - Unmatched JNCC TVK: NHMSYS0001474319
2026-01-24 16:37:23,532 - DEBUG - Unmatched JNCC TVK: NHMSYS0001474910
2026-01-24 16:37:23,532 - DEBUG - Unmatched JNCC TVK: NHMSYS0001475264
2026-01-24 16:37:23,532 - DEBUG - Unmatched JNCC TVK: NHMSYS0001476091
2026-01-24 16:37:23,532 - DEBUG - Unmatched JNCC TVK: NHMSYS0001476787
2026-01-24 16:37:23,532 - DEBUG - Unmatched JNCC TVK: NHMSYS0001476789
2026-01-24 16:37:23,532 - DEBUG - Unmatched JNCC TVK: NHMSYS0001476794
2026-01-24 16:37:23,532 - DEBUG - Unmatched JNCC TVK: NHMSYS0001476795
2026-01-24 16:37:23,532 - DEBUG - Unmatched JNCC TVK: NHMSYS0001476798
2026-01-24 16:37:23,532 - DEBUG - Unmatched JNCC TVK: NHMSYS0001476799
2026-01-24 16:37:23,532 - DEBUG - Unmatched JNCC TVK: NHMSYS0001476913
2026-01-24 16:37:23,532 - DEBUG - Unmatched JNCC TVK: NHMSYS0001477208
2026-01-24 16:37:23,532 - DEBUG - Unmatched JNCC TVK: NHMSYS0001477209
2026-01-24 16:37:23,532 - DEBUG - Unmatched JNCC TVK: NHMSYS0001477597
2026-01-24 16:37:23,532 - DEBUG - Unmatched JNCC TVK: NHMSYS0001477611
2026-01-24 16:37:23,532 - DEBUG - Unmatched JNCC TVK: NHMSYS0001477612
2026-01-24 16:37:23,532 - DEBUG - Unmatched JNCC TVK: NHMSYS0001477622
2026-01-24 16:37:23,532 - DEBUG - Unmatched JNCC TVK: NHMSYS0001477638
2026-01-24 16:37:23,532 - DEBUG - Unmatched JNCC TVK: NHMSYS0001477639
2026-01-24 16:37:23,532 - DEBUG - Unmatched JNCC TVK: NHMSYS0001477674
2026-01-24 16:37:23,532 - DEBUG - Unmatched JNCC TVK: NHMSYS0001477684
2026-01-24 16:37:23,532 - DEBUG - Unmatched JNCC TVK: NHMSYS0001477685
2026-01-24 16:37:23,532 - DEBUG - Unmatched JNCC TVK: NHMSYS0001478318
2026-01-24 16:37:23,532 - DEBUG - Unmatched JNCC TVK: NHMSYS0001478320
2026-01-24 16:37:23,532 - DEBUG - Unmatched JNCC TVK: NHMSYS0001478326
2026-01-24 16:37:23,532 - DEBUG - Unmatched JNCC TVK: NHMSYS0001480962
2026-01-24 16:37:23,532 - DEBUG - Unmatched JNCC TVK: NHMSYS0001480963
2026-01-24 16:37:23,532 - DEBUG - Unmatched JNCC TVK: NHMSYS0001481366
2026-01-24 16:37:23,532 - DEBUG - Unmatched JNCC TVK: NHMSYS0001482439
2026-01-24 16:37:23,532 - DEBUG - Unmatched JNCC TVK: NHMSYS0001482505
2026-01-24 16:37:23,532 - DEBUG - Unmatched JNCC TVK: NHMSYS0001482830
2026-01-24 16:37:23,532 - DEBUG - Unmatched JNCC TVK: NHMSYS0001483485
2026-01-24 16:37:23,532 - DEBUG - Unmatched JNCC TVK: NHMSYS0001483486
2026-01-24 16:37:23,532 - DEBUG - Unmatched JNCC TVK: NHMSYS0001486269
2026-01-24 16:37:23,532 - DEBUG - Unmatched JNCC TVK: NHMSYS0001486328
2026-01-24 16:37:23,532 - DEBUG - Unmatched JNCC TVK: NHMSYS0001486353
2026-01-24 16:37:23,532 - DEBUG - Unmatched JNCC TVK: NHMSYS0001486354
2026-01-24 16:37:23,532 - DEBUG - Unmatched JNCC TVK: NHMSYS0001486447
2026-01-24 16:37:23,532 - DEBUG - Unmatched JNCC TVK: NHMSYS0001486984
2026-01-24 16:37:23,532 - DEBUG - Unmatched JNCC TVK: NHMSYS0001486985
2026-01-24 16:37:23,532 - DEBUG - Unmatched JNCC TVK: NHMSYS0001487379
2026-01-24 16:37:23,532 - DEBUG - Unmatched JNCC TVK: NHMSYS0001487380
2026-01-24 16:37:23,532 - DEBUG - Unmatched JNCC TVK: NHMSYS0001488586
2026-01-24 16:37:23,532 - DEBUG - Unmatched JNCC TVK: NHMSYS0001489445
2026-01-24 16:37:23,533 - DEBUG - Unmatched JNCC TVK: NHMSYS0001489446
2026-01-24 16:37:23,533 - DEBUG - Unmatched JNCC TVK: NHMSYS0001489669
2026-01-24 16:37:23,533 - DEBUG - Unmatched JNCC TVK: NHMSYS0001489670
2026-01-24 16:37:23,533 - DEBUG - Unmatched JNCC TVK: NHMSYS0001489677
2026-01-24 16:37:23,533 - DEBUG - Unmatched JNCC TVK: NHMSYS0001489678
2026-01-24 16:37:23,533 - DEBUG - Unmatched JNCC TVK: NHMSYS0001490328
2026-01-24 16:37:23,533 - DEBUG - Unmatched JNCC TVK: NHMSYS0001490329
2026-01-24 16:37:23,533 - DEBUG - Unmatched JNCC TVK: NHMSYS0001491016
2026-01-24 16:37:23,533 - DEBUG - Unmatched JNCC TVK: NHMSYS0001491533
2026-01-24 16:37:23,533 - DEBUG - Unmatched JNCC TVK: NHMSYS0001491534
2026-01-24 16:37:23,533 - DEBUG - Unmatched JNCC TVK: NHMSYS0001491738
2026-01-24 16:37:23,533 - DEBUG - Unmatched JNCC TVK: NHMSYS0001491739
2026-01-24 16:37:23,533 - DEBUG - Unmatched JNCC TVK: NHMSYS0001491903
2026-01-24 16:37:23,533 - DEBUG - Unmatched JNCC TVK: NHMSYS0001492275
2026-01-24 16:37:23,533 - DEBUG - Unmatched JNCC TVK: NHMSYS0001492276
2026-01-24 16:37:23,533 - DEBUG - Unmatched JNCC TVK: NHMSYS0001493166
2026-01-24 16:37:23,533 - DEBUG - Unmatched JNCC TVK: NHMSYS0001494551
2026-01-24 16:37:23,533 - DEBUG - Unmatched JNCC TVK: NHMSYS0001494648
2026-01-24 16:37:23,533 - DEBUG - Unmatched JNCC TVK: NHMSYS0001494688
2026-01-24 16:37:23,533 - DEBUG - Unmatched JNCC TVK: NHMSYS0001494697
2026-01-24 16:37:23,533 - DEBUG - Unmatched JNCC TVK: NHMSYS0001494698
2026-01-24 16:37:23,533 - DEBUG - Unmatched JNCC TVK: NHMSYS0001495159
2026-01-24 16:37:23,533 - DEBUG - Unmatched JNCC TVK: NHMSYS0001495160
2026-01-24 16:37:23,533 - DEBUG - Unmatched JNCC TVK: NHMSYS0001496273
2026-01-24 16:37:23,533 - DEBUG - Unmatched JNCC TVK: NHMSYS0001496546
2026-01-24 16:37:23,533 - DEBUG - Unmatched JNCC TVK: NHMSYS0001497074
2026-01-24 16:37:23,533 - DEBUG - Unmatched JNCC TVK: NHMSYS0001497076
2026-01-24 16:37:23,533 - DEBUG - Unmatched JNCC TVK: NHMSYS0001497118
2026-01-24 16:37:23,533 - DEBUG - Unmatched JNCC TVK: NHMSYS0001497673
2026-01-24 16:37:23,533 - DEBUG - Unmatched JNCC TVK: NHMSYS0001497674
2026-01-24 16:37:23,533 - DEBUG - Unmatched JNCC TVK: NHMSYS0001498942
2026-01-24 16:37:23,533 - DEBUG - Unmatched JNCC TVK: NHMSYS0001498954
2026-01-24 16:37:23,533 - DEBUG - Unmatched JNCC TVK: NHMSYS0001498955
2026-01-24 16:37:23,533 - DEBUG - Unmatched JNCC TVK: NHMSYS0001499162
2026-01-24 16:37:23,533 - DEBUG - Unmatched JNCC TVK: NHMSYS0001499163
2026-01-24 16:37:23,533 - DEBUG - Unmatched JNCC TVK: NHMSYS0001499452
2026-01-24 16:37:23,533 - DEBUG - Unmatched JNCC TVK: NHMSYS0001499453
2026-01-24 16:37:23,533 - DEBUG - Unmatched JNCC TVK: NHMSYS0001499553
2026-01-24 16:37:23,533 - DEBUG - Unmatched JNCC TVK: NHMSYS0001499554
2026-01-24 16:37:23,533 - DEBUG - Unmatched JNCC TVK: NHMSYS0001499640
2026-01-24 16:37:23,533 - DEBUG - Unmatched JNCC TVK: NHMSYS0001499647
2026-01-24 16:37:23,533 - DEBUG - Unmatched JNCC TVK: NHMSYS0001501160
2026-01-24 16:37:23,533 - DEBUG - Unmatched JNCC TVK: NHMSYS0001501536
2026-01-24 16:37:23,533 - DEBUG - Unmatched JNCC TVK: NHMSYS0001501637
2026-01-24 16:37:23,533 - DEBUG - Unmatched JNCC TVK: NHMSYS0001501851
2026-01-24 16:37:23,533 - DEBUG - Unmatched JNCC TVK: NHMSYS0001596564
2026-01-24 16:37:23,533 - DEBUG - Unmatched JNCC TVK: NHMSYS0001596569
2026-01-24 16:37:23,533 - DEBUG - Unmatched JNCC TVK: NHMSYS0001596570
2026-01-24 16:37:23,533 - DEBUG - Unmatched JNCC TVK: NHMSYS0001682651
2026-01-24 16:37:23,533 - DEBUG - Unmatched JNCC TVK: NHMSYS0001699418
2026-01-24 16:37:23,533 - DEBUG - Unmatched JNCC TVK: NHMSYS0001701971
2026-01-24 16:37:23,533 - DEBUG - Unmatched JNCC TVK: NHMSYS0001702140
2026-01-24 16:37:23,533 - DEBUG - Unmatched JNCC TVK: NHMSYS0001702255
2026-01-24 16:37:23,533 - DEBUG - Unmatched JNCC TVK: NHMSYS0001716946
2026-01-24 16:37:23,533 - DEBUG - Unmatched JNCC TVK: NHMSYS0001716966
2026-01-24 16:37:23,533 - DEBUG - Unmatched JNCC TVK: NHMSYS0001717484
2026-01-24 16:37:23,533 - DEBUG - Unmatched JNCC TVK: NHMSYS0001717753
2026-01-24 16:37:23,533 - DEBUG - Unmatched JNCC TVK: NHMSYS0001718526
2026-01-24 16:37:23,533 - DEBUG - Unmatched JNCC TVK: NHMSYS0001719057
2026-01-24 16:37:23,533 - DEBUG - Unmatched JNCC TVK: NHMSYS0001719064
2026-01-24 16:37:23,533 - DEBUG - Unmatched JNCC TVK: NHMSYS0001719689
2026-01-24 16:37:23,533 - DEBUG - Unmatched JNCC TVK: NHMSYS0001719878
2026-01-24 16:37:23,533 - DEBUG - Unmatched JNCC TVK: NHMSYS0001720079
2026-01-24 16:37:23,533 - DEBUG - Unmatched JNCC TVK: NHMSYS0001754350
2026-01-24 16:37:23,533 - DEBUG - Unmatched JNCC TVK: NHMSYS0001754371
2026-01-24 16:37:23,533 - DEBUG - Unmatched JNCC TVK: NHMSYS0001754380
2026-01-24 16:37:23,533 - DEBUG - Unmatched JNCC TVK: NHMSYS0001754412
2026-01-24 16:37:23,533 - DEBUG - Unmatched JNCC TVK: NHMSYS0001754433
2026-01-24 16:37:23,533 - DEBUG - Unmatched JNCC TVK: NHMSYS0001754452
2026-01-24 16:37:23,533 - DEBUG - Unmatched JNCC TVK: NHMSYS0001754456
2026-01-24 16:37:23,533 - DEBUG - Unmatched JNCC TVK: NHMSYS0001754464
2026-01-24 16:37:23,533 - DEBUG - Unmatched JNCC TVK: NHMSYS0001754465
2026-01-24 16:37:23,533 - DEBUG - Unmatched JNCC TVK: NHMSYS0001754466
2026-01-24 16:37:23,533 - DEBUG - Unmatched JNCC TVK: NHMSYS0001754480
2026-01-24 16:37:23,533 - DEBUG - Unmatched JNCC TVK: NHMSYS0001754481
2026-01-24 16:37:23,533 - DEBUG - Unmatched JNCC TVK: NHMSYS0001754523
2026-01-24 16:37:23,533 - DEBUG - Unmatched JNCC TVK: NHMSYS0001754545
2026-01-24 16:37:23,533 - DEBUG - Unmatched JNCC TVK: NHMSYS0001754567
2026-01-24 16:37:23,533 - DEBUG - Unmatched JNCC TVK: NHMSYS0001754588
2026-01-24 16:37:23,533 - DEBUG - Unmatched JNCC TVK: NHMSYS0001754602
2026-01-24 16:37:23,533 - DEBUG - Unmatched JNCC TVK: NHMSYS0001754609
2026-01-24 16:37:23,534 - DEBUG - Unmatched JNCC TVK: NHMSYS0001754617
2026-01-24 16:37:23,534 - DEBUG - Unmatched JNCC TVK: NHMSYS0001754623
2026-01-24 16:37:23,534 - DEBUG - Unmatched JNCC TVK: NHMSYS0001754624
2026-01-24 16:37:23,534 - DEBUG - Unmatched JNCC TVK: NHMSYS0001754631
2026-01-24 16:37:23,534 - DEBUG - Unmatched JNCC TVK: NHMSYS0001754642
2026-01-24 16:37:23,534 - DEBUG - Unmatched JNCC TVK: NHMSYS0001754670
2026-01-24 16:37:23,534 - DEBUG - Unmatched JNCC TVK: NHMSYS0001754682
2026-01-24 16:37:23,534 - DEBUG - Unmatched JNCC TVK: NHMSYS0001754696
2026-01-24 16:37:23,534 - DEBUG - Unmatched JNCC TVK: NHMSYS0001754709
2026-01-24 16:37:23,534 - DEBUG - Unmatched JNCC TVK: NHMSYS0001754732
2026-01-24 16:37:23,534 - DEBUG - Unmatched JNCC TVK: NHMSYS0001754733
2026-01-24 16:37:23,534 - DEBUG - Unmatched JNCC TVK: NHMSYS0001754734
2026-01-24 16:37:23,534 - DEBUG - Unmatched JNCC TVK: NHMSYS0001754735
2026-01-24 16:37:23,534 - DEBUG - Unmatched JNCC TVK: NHMSYS0001754738
2026-01-24 16:37:23,534 - DEBUG - Unmatched JNCC TVK: NHMSYS0001754746
2026-01-24 16:37:23,534 - DEBUG - Unmatched JNCC TVK: NHMSYS0001754763
2026-01-24 16:37:23,534 - DEBUG - Unmatched JNCC TVK: NHMSYS0001754800
2026-01-24 16:37:23,534 - DEBUG - Unmatched JNCC TVK: NHMSYS0001754825
2026-01-24 16:37:23,534 - DEBUG - Unmatched JNCC TVK: NHMSYS0019999791
2026-01-24 16:37:23,534 - DEBUG - Unmatched JNCC TVK: NHMSYS0020001356
2026-01-24 16:37:23,534 - DEBUG - Unmatched JNCC TVK: NHMSYS0020102976
2026-01-24 16:37:23,534 - DEBUG - Unmatched JNCC TVK: NHMSYS0020103730
2026-01-24 16:37:23,534 - DEBUG - Unmatched JNCC TVK: NHMSYS0020105990
2026-01-24 16:37:23,534 - DEBUG - Unmatched JNCC TVK: NHMSYS0020105991
2026-01-24 16:37:23,534 - DEBUG - Unmatched JNCC TVK: NHMSYS0020105992
2026-01-24 16:37:23,534 - DEBUG - Unmatched JNCC TVK: NHMSYS0020105998
2026-01-24 16:37:23,534 - DEBUG - Unmatched JNCC TVK: NHMSYS0020110544
2026-01-24 16:37:23,534 - DEBUG - Unmatched JNCC TVK: NHMSYS0020110554
2026-01-24 16:37:23,534 - DEBUG - Unmatched JNCC TVK: NHMSYS0020110556
2026-01-24 16:37:23,534 - DEBUG - Unmatched JNCC TVK: NHMSYS0020110591
2026-01-24 16:37:23,534 - DEBUG - Unmatched JNCC TVK: NHMSYS0020148456
2026-01-24 16:37:23,534 - DEBUG - Unmatched JNCC TVK: NHMSYS0020148463
2026-01-24 16:37:23,534 - DEBUG - Unmatched JNCC TVK: NHMSYS0020152719
2026-01-24 16:37:23,534 - DEBUG - Unmatched JNCC TVK: NHMSYS0020193654
2026-01-24 16:37:23,534 - DEBUG - Unmatched JNCC TVK: NHMSYS0020193660
2026-01-24 16:37:23,534 - DEBUG - Unmatched JNCC TVK: NHMSYS0020193673
2026-01-24 16:37:23,534 - DEBUG - Unmatched JNCC TVK: NHMSYS0020212827
2026-01-24 16:37:23,534 - DEBUG - Unmatched JNCC TVK: NHMSYS0020212828
2026-01-24 16:37:23,534 - DEBUG - Unmatched JNCC TVK: NHMSYS0020302560
2026-01-24 16:37:23,534 - DEBUG - Unmatched JNCC TVK: NHMSYS0020302922
2026-01-24 16:37:23,534 - DEBUG - Unmatched JNCC TVK: NHMSYS0020302924
2026-01-24 16:37:23,534 - DEBUG - Unmatched JNCC TVK: NHMSYS0020302925
2026-01-24 16:37:23,534 - DEBUG - Unmatched JNCC TVK: NHMSYS0020302935
2026-01-24 16:37:23,534 - DEBUG - Unmatched JNCC TVK: NHMSYS0020302938
2026-01-24 16:37:23,534 - DEBUG - Unmatched JNCC TVK: NHMSYS0020302955
2026-01-24 16:37:23,534 - DEBUG - Unmatched JNCC TVK: NHMSYS0020302961
2026-01-24 16:37:23,534 - DEBUG - Unmatched JNCC TVK: NHMSYS0020302969
2026-01-24 16:37:23,534 - DEBUG - Unmatched JNCC TVK: NHMSYS0020302971
2026-01-24 16:37:23,534 - DEBUG - Unmatched JNCC TVK: NHMSYS0020302973
2026-01-24 16:37:23,534 - DEBUG - Unmatched JNCC TVK: NHMSYS0020302978
2026-01-24 16:37:23,534 - DEBUG - Unmatched JNCC TVK: NHMSYS0020303003
2026-01-24 16:37:23,534 - DEBUG - Unmatched JNCC TVK: NHMSYS0020303004
2026-01-24 16:37:23,534 - DEBUG - Unmatched JNCC TVK: NHMSYS0020303009
2026-01-24 16:37:23,534 - DEBUG - Unmatched JNCC TVK: NHMSYS0020303020
2026-01-24 16:37:23,534 - DEBUG - Unmatched JNCC TVK: NHMSYS0020303023
2026-01-24 16:37:23,534 - DEBUG - Unmatched JNCC TVK: NHMSYS0020303028
2026-01-24 16:37:23,534 - DEBUG - Unmatched JNCC TVK: NHMSYS0020303044
2026-01-24 16:37:23,534 - DEBUG - Unmatched JNCC TVK: NHMSYS0020303047
2026-01-24 16:37:23,534 - DEBUG - Unmatched JNCC TVK: NHMSYS0020303052
2026-01-24 16:37:23,534 - DEBUG - Unmatched JNCC TVK: NHMSYS0020303056
2026-01-24 16:37:23,534 - DEBUG - Unmatched JNCC TVK: NHMSYS0020303064
2026-01-24 16:37:23,534 - DEBUG - Unmatched JNCC TVK: NHMSYS0020303070
2026-01-24 16:37:23,534 - DEBUG - Unmatched JNCC TVK: NHMSYS0020303073
2026-01-24 16:37:23,534 - DEBUG - Unmatched JNCC TVK: NHMSYS0020303075
2026-01-24 16:37:23,534 - DEBUG - Unmatched JNCC TVK: NHMSYS0020303079
2026-01-24 16:37:23,534 - DEBUG - Unmatched JNCC TVK: NHMSYS0020303080
2026-01-24 16:37:23,534 - DEBUG - Unmatched JNCC TVK: NHMSYS0020303086
2026-01-24 16:37:23,534 - DEBUG - Unmatched JNCC TVK: NHMSYS0020303109
2026-01-24 16:37:23,534 - DEBUG - Unmatched JNCC TVK: NHMSYS0020303131
2026-01-24 16:37:23,534 - DEBUG - Unmatched JNCC TVK: NHMSYS0020303139
2026-01-24 16:37:23,534 - DEBUG - Unmatched JNCC TVK: NHMSYS0020303174
2026-01-24 16:37:23,534 - DEBUG - Unmatched JNCC TVK: NHMSYS0020303179
2026-01-24 16:37:23,534 - DEBUG - Unmatched JNCC TVK: NHMSYS0020303182
2026-01-24 16:37:23,534 - DEBUG - Unmatched JNCC TVK: NHMSYS0020303183
2026-01-24 16:37:23,534 - DEBUG - Unmatched JNCC TVK: NHMSYS0020303208
2026-01-24 16:37:23,534 - DEBUG - Unmatched JNCC TVK: NHMSYS0020303227
2026-01-24 16:37:23,534 - DEBUG - Unmatched JNCC TVK: NHMSYS0020303229
2026-01-24 16:37:23,534 - DEBUG - Unmatched JNCC TVK: NHMSYS0020303230
2026-01-24 16:37:23,534 - DEBUG - Unmatched JNCC TVK: NHMSYS0020303232
2026-01-24 16:37:23,534 - DEBUG - Unmatched JNCC TVK: NHMSYS0020303239
2026-01-24 16:37:23,534 - DEBUG - Unmatched JNCC TVK: NHMSYS0020303240
2026-01-24 16:37:23,534 - DEBUG - Unmatched JNCC TVK: NHMSYS0020303249
2026-01-24 16:37:23,534 - DEBUG - Unmatched JNCC TVK: NHMSYS0020309266
2026-01-24 16:37:23,534 - DEBUG - Unmatched JNCC TVK: NHMSYS0020322384
2026-01-24 16:37:23,534 - DEBUG - Unmatched JNCC TVK: NHMSYS0020322385
2026-01-24 16:37:23,534 - DEBUG - Unmatched JNCC TVK: NHMSYS0020322386
2026-01-24 16:37:23,535 - DEBUG - Unmatched JNCC TVK: NHMSYS0020322979
2026-01-24 16:37:23,535 - DEBUG - Unmatched JNCC TVK: NHMSYS0020442327
2026-01-24 16:37:23,535 - DEBUG - Unmatched JNCC TVK: NHMSYS0020442344
2026-01-24 16:37:23,535 - DEBUG - Unmatched JNCC TVK: NHMSYS0020442345
2026-01-24 16:37:23,535 - DEBUG - Unmatched JNCC TVK: NHMSYS0020442346
2026-01-24 16:37:23,535 - DEBUG - Unmatched JNCC TVK: NHMSYS0020442347
2026-01-24 16:37:23,535 - DEBUG - Unmatched JNCC TVK: NHMSYS0020442348
2026-01-24 16:37:23,535 - DEBUG - Unmatched JNCC TVK: NHMSYS0020442349
2026-01-24 16:37:23,535 - DEBUG - Unmatched JNCC TVK: NHMSYS0020442350
2026-01-24 16:37:23,535 - DEBUG - Unmatched JNCC TVK: NHMSYS0020442351
2026-01-24 16:37:23,535 - DEBUG - Unmatched JNCC TVK: NHMSYS0020442352
2026-01-24 16:37:23,535 - DEBUG - Unmatched JNCC TVK: NHMSYS0020442353
2026-01-24 16:37:23,535 - DEBUG - Unmatched JNCC TVK: NHMSYS0020442354
2026-01-24 16:37:23,535 - DEBUG - Unmatched JNCC TVK: NHMSYS0020442355
2026-01-24 16:37:23,535 - DEBUG - Unmatched JNCC TVK: NHMSYS0020442356
2026-01-24 16:37:23,535 - DEBUG - Unmatched JNCC TVK: NHMSYS0020442357
2026-01-24 16:37:23,535 - DEBUG - Unmatched JNCC TVK: NHMSYS0020442358
2026-01-24 16:37:23,535 - DEBUG - Unmatched JNCC TVK: NHMSYS0020442359
2026-01-24 16:37:23,535 - DEBUG - Unmatched JNCC TVK: NHMSYS0020442361
2026-01-24 16:37:23,535 - DEBUG - Unmatched JNCC TVK: NHMSYS0020442362
2026-01-24 16:37:23,535 - DEBUG - Unmatched JNCC TVK: NHMSYS0020442363
2026-01-24 16:37:23,535 - DEBUG - Unmatched JNCC TVK: NHMSYS0020442364
2026-01-24 16:37:23,535 - DEBUG - Unmatched JNCC TVK: NHMSYS0020442365
2026-01-24 16:37:23,535 - DEBUG - Unmatched JNCC TVK: NHMSYS0020442366
2026-01-24 16:37:23,535 - DEBUG - Unmatched JNCC TVK: NHMSYS0020442368
2026-01-24 16:37:23,535 - DEBUG - Unmatched JNCC TVK: NHMSYS0020442369
2026-01-24 16:37:23,535 - DEBUG - Unmatched JNCC TVK: NHMSYS0020442370
2026-01-24 16:37:23,535 - DEBUG - Unmatched JNCC TVK: NHMSYS0020442371
2026-01-24 16:37:23,535 - DEBUG - Unmatched JNCC TVK: NHMSYS0020442372
2026-01-24 16:37:23,535 - DEBUG - Unmatched JNCC TVK: NHMSYS0020442373
2026-01-24 16:37:23,535 - DEBUG - Unmatched JNCC TVK: NHMSYS0020442374
2026-01-24 16:37:23,535 - DEBUG - Unmatched JNCC TVK: NHMSYS0020442375
2026-01-24 16:37:23,535 - DEBUG - Unmatched JNCC TVK: NHMSYS0020442377
2026-01-24 16:37:23,535 - DEBUG - Unmatched JNCC TVK: NHMSYS0020442378
2026-01-24 16:37:23,535 - DEBUG - Unmatched JNCC TVK: NHMSYS0020442379
2026-01-24 16:37:23,535 - DEBUG - Unmatched JNCC TVK: NHMSYS0020442380
2026-01-24 16:37:23,535 - DEBUG - Unmatched JNCC TVK: NHMSYS0020442381
2026-01-24 16:37:23,535 - DEBUG - Unmatched JNCC TVK: NHMSYS0020442382
2026-01-24 16:37:23,535 - DEBUG - Unmatched JNCC TVK: NHMSYS0020442383
2026-01-24 16:37:23,535 - DEBUG - Unmatched JNCC TVK: NHMSYS0020442384
2026-01-24 16:37:23,535 - DEBUG - Unmatched JNCC TVK: NHMSYS0020442385
2026-01-24 16:37:23,535 - DEBUG - Unmatched JNCC TVK: NHMSYS0020442386
2026-01-24 16:37:23,535 - DEBUG - Unmatched JNCC TVK: NHMSYS0020442387
2026-01-24 16:37:23,535 - DEBUG - Unmatched JNCC TVK: NHMSYS0020442388
2026-01-24 16:37:23,535 - DEBUG - Unmatched JNCC TVK: NHMSYS0020442389
2026-01-24 16:37:23,535 - DEBUG - Unmatched JNCC TVK: NHMSYS0020442390
2026-01-24 16:37:23,535 - DEBUG - Unmatched JNCC TVK: NHMSYS0020442391
2026-01-24 16:37:23,535 - DEBUG - Unmatched JNCC TVK: NHMSYS0020442392
2026-01-24 16:37:23,535 - DEBUG - Unmatched JNCC TVK: NHMSYS0020442393
2026-01-24 16:37:23,535 - DEBUG - Unmatched JNCC TVK: NHMSYS0020442394
2026-01-24 16:37:23,535 - DEBUG - Unmatched JNCC TVK: NHMSYS0020442395
2026-01-24 16:37:23,535 - DEBUG - Unmatched JNCC TVK: NHMSYS0020442396
2026-01-24 16:37:23,535 - DEBUG - Unmatched JNCC TVK: NHMSYS0020442397
2026-01-24 16:37:23,535 - DEBUG - Unmatched JNCC TVK: NHMSYS0020442398
2026-01-24 16:37:23,535 - DEBUG - Unmatched JNCC TVK: NHMSYS0020442399
2026-01-24 16:37:23,535 - DEBUG - Unmatched JNCC TVK: NHMSYS0020442400
2026-01-24 16:37:23,535 - DEBUG - Unmatched JNCC TVK: NHMSYS0020442401
2026-01-24 16:37:23,535 - DEBUG - Unmatched JNCC TVK: NHMSYS0020442402
2026-01-24 16:37:23,535 - DEBUG - Unmatched JNCC TVK: NHMSYS0020442403
2026-01-24 16:37:23,535 - DEBUG - Unmatched JNCC TVK: NHMSYS0020442404
2026-01-24 16:37:23,535 - DEBUG - Unmatched JNCC TVK: NHMSYS0020442405
2026-01-24 16:37:23,535 - DEBUG - Unmatched JNCC TVK: NHMSYS0020442406
2026-01-24 16:37:23,535 - DEBUG - Unmatched JNCC TVK: NHMSYS0020442407
2026-01-24 16:37:23,535 - DEBUG - Unmatched JNCC TVK: NHMSYS0020442408
2026-01-24 16:37:23,535 - DEBUG - Unmatched JNCC TVK: NHMSYS0020442423
2026-01-24 16:37:23,535 - DEBUG - Unmatched JNCC TVK: NHMSYS0020442450
2026-01-24 16:37:23,535 - DEBUG - Unmatched JNCC TVK: NHMSYS0020488426
2026-01-24 16:37:23,535 - DEBUG - Unmatched JNCC TVK: NHMSYS0020516981
2026-01-24 16:37:23,535 - DEBUG - Unmatched JNCC TVK: NHMSYS0020516983
2026-01-24 16:37:23,535 - DEBUG - Unmatched JNCC TVK: NHMSYS0020526506
2026-01-24 16:37:23,535 - DEBUG - Unmatched JNCC TVK: NHMSYS0020528146
2026-01-24 16:37:23,535 - DEBUG - Unmatched JNCC TVK: NHMSYS0020528218
2026-01-24 16:37:23,535 - DEBUG - Unmatched JNCC TVK: NHMSYS0020534975
2026-01-24 16:37:23,535 - DEBUG - Unmatched JNCC TVK: NHMSYS0020535364
2026-01-24 16:37:23,535 - DEBUG - Unmatched JNCC TVK: NHMSYS0020535607
2026-01-24 16:37:23,535 - DEBUG - Unmatched JNCC TVK: NHMSYS0020535714
2026-01-24 16:37:23,535 - DEBUG - Unmatched JNCC TVK: NHMSYS0020536329
2026-01-24 16:37:23,535 - DEBUG - Unmatched JNCC TVK: NHMSYS0020536330
2026-01-24 16:37:23,535 - DEBUG - Unmatched JNCC TVK: NHMSYS0020636801
2026-01-24 16:37:23,536 - DEBUG - Unmatched JNCC TVK: NHMSYS0020636802
2026-01-24 16:37:23,536 - DEBUG - Unmatched JNCC TVK: NHMSYS0020636804
2026-01-24 16:37:23,536 - DEBUG - Unmatched JNCC TVK: NHMSYS0020636805
2026-01-24 16:37:23,536 - DEBUG - Unmatched JNCC TVK: NHMSYS0020636826
2026-01-24 16:37:23,536 - DEBUG - Unmatched JNCC TVK: NHMSYS0020704141
2026-01-24 16:37:23,536 - DEBUG - Unmatched JNCC TVK: NHMSYS0020706098
2026-01-24 16:37:23,536 - DEBUG - Unmatched JNCC TVK: NHMSYS0020706446
2026-01-24 16:37:23,536 - DEBUG - Unmatched JNCC TVK: NHMSYS0020750783
2026-01-24 16:37:23,536 - DEBUG - Unmatched JNCC TVK: NHMSYS0020750789
2026-01-24 16:37:23,536 - DEBUG - Unmatched JNCC TVK: NHMSYS0020750803
2026-01-24 16:37:23,536 - DEBUG - Unmatched JNCC TVK: NHMSYS0020755099
2026-01-24 16:37:23,536 - DEBUG - Unmatched JNCC TVK: NHMSYS0020755105
2026-01-24 16:37:23,536 - DEBUG - Unmatched JNCC TVK: NHMSYS0020755106
2026-01-24 16:37:23,536 - DEBUG - Unmatched JNCC TVK: NHMSYS0020755107
2026-01-24 16:37:23,536 - DEBUG - Unmatched JNCC TVK: NHMSYS0020755108
2026-01-24 16:37:23,536 - DEBUG - Unmatched JNCC TVK: NHMSYS0020755110
2026-01-24 16:37:23,536 - DEBUG - Unmatched JNCC TVK: NHMSYS0020755111
2026-01-24 16:37:23,536 - DEBUG - Unmatched JNCC TVK: NHMSYS0020755118
2026-01-24 16:37:23,536 - DEBUG - Unmatched JNCC TVK: NHMSYS0020755120
2026-01-24 16:37:23,536 - DEBUG - Unmatched JNCC TVK: NHMSYS0020755122
2026-01-24 16:37:23,536 - DEBUG - Unmatched JNCC TVK: NHMSYS0020755123
2026-01-24 16:37:23,536 - DEBUG - Unmatched JNCC TVK: NHMSYS0020755124
2026-01-24 16:37:23,536 - DEBUG - Unmatched JNCC TVK: NHMSYS0020755125
2026-01-24 16:37:23,536 - DEBUG - Unmatched JNCC TVK: NHMSYS0020755127
2026-01-24 16:37:23,536 - DEBUG - Unmatched JNCC TVK: NHMSYS0020755129
2026-01-24 16:37:23,536 - DEBUG - Unmatched JNCC TVK: NHMSYS0020755130
2026-01-24 16:37:23,536 - DEBUG - Unmatched JNCC TVK: NHMSYS0020755134
2026-01-24 16:37:23,536 - DEBUG - Unmatched JNCC TVK: NHMSYS0020755135
2026-01-24 16:37:23,536 - DEBUG - Unmatched JNCC TVK: NHMSYS0020784625
2026-01-24 16:37:23,536 - DEBUG - Unmatched JNCC TVK: NHMSYS0020918141
2026-01-24 16:37:23,536 - DEBUG - Unmatched JNCC TVK: NHMSYS0020969584
2026-01-24 16:37:23,536 - DEBUG - Unmatched JNCC TVK: NHMSYS0020977075
2026-01-24 16:37:23,536 - DEBUG - Unmatched JNCC TVK: NHMSYS0020977763
2026-01-24 16:37:23,536 - DEBUG - Unmatched JNCC TVK: NHMSYS0020977769
2026-01-24 16:37:23,536 - DEBUG - Unmatched JNCC TVK: NHMSYS0020977805
2026-01-24 16:37:23,536 - DEBUG - Unmatched JNCC TVK: NHMSYS0020977817
2026-01-24 16:37:23,536 - DEBUG - Unmatched JNCC TVK: NHMSYS0020978920
2026-01-24 16:37:23,536 - DEBUG - Unmatched JNCC TVK: NHMSYS0020987564
2026-01-24 16:37:23,536 - DEBUG - Unmatched JNCC TVK: NHMSYS0020989755
2026-01-24 16:37:23,536 - DEBUG - Unmatched JNCC TVK: NHMSYS0020990316
2026-01-24 16:37:23,536 - DEBUG - Unmatched JNCC TVK: NHMSYS0020990617
2026-01-24 16:37:23,536 - DEBUG - Unmatched JNCC TVK: NHMSYS0020990817
2026-01-24 16:37:23,536 - DEBUG - Unmatched JNCC TVK: NHMSYS0020990987
2026-01-24 16:37:23,536 - DEBUG - Unmatched JNCC TVK: NHMSYS0020991009
2026-01-24 16:37:23,536 - DEBUG - Unmatched JNCC TVK: NHMSYS0021003443
2026-01-24 16:37:23,536 - DEBUG - Unmatched JNCC TVK: NHMSYS0021003494
2026-01-24 16:37:23,536 - DEBUG - Unmatched JNCC TVK: NHMSYS0021004287
2026-01-24 16:37:23,536 - DEBUG - Unmatched JNCC TVK: NHMSYS0021004302
2026-01-24 16:37:23,536 - DEBUG - Unmatched JNCC TVK: NHMSYS0021004312
2026-01-24 16:37:23,536 - DEBUG - Unmatched JNCC TVK: NHMSYS0021004317
2026-01-24 16:37:23,536 - DEBUG - Unmatched JNCC TVK: NHMSYS0021004332
2026-01-24 16:37:23,536 - DEBUG - Unmatched JNCC TVK: NHMSYS0021004508
2026-01-24 16:37:23,536 - DEBUG - Unmatched JNCC TVK: NHMSYS0021007976
2026-01-24 16:37:23,536 - DEBUG - Unmatched JNCC TVK: NHMSYS0021007988
2026-01-24 16:37:23,536 - DEBUG - Unmatched JNCC TVK: NHMSYS0021009872
2026-01-24 16:37:23,536 - DEBUG - Unmatched JNCC TVK: NHMSYS0021009977
2026-01-24 16:37:23,536 - DEBUG - Unmatched JNCC TVK: NHMSYS0021053453
2026-01-24 16:37:23,536 - DEBUG - Unmatched JNCC TVK: NHMSYS0021053575
2026-01-24 16:37:23,536 - DEBUG - Unmatched JNCC TVK: NHMSYS0021055596
2026-01-24 16:37:23,536 - DEBUG - Unmatched JNCC TVK: NHMSYS0021060369
2026-01-24 16:37:23,536 - DEBUG - Unmatched JNCC TVK: NHMSYS0021060370
2026-01-24 16:37:23,536 - DEBUG - Unmatched JNCC TVK: NHMSYS0021060385
2026-01-24 16:37:23,536 - DEBUG - Unmatched JNCC TVK: NHMSYS0021060392
2026-01-24 16:37:23,536 - DEBUG - Unmatched JNCC TVK: NHMSYS0021109193
2026-01-24 16:37:23,536 - DEBUG - Unmatched JNCC TVK: NHMSYS0021118576
2026-01-24 16:37:23,536 - DEBUG - Unmatched JNCC TVK: NHMSYS0021118653
2026-01-24 16:37:23,536 - DEBUG - Unmatched JNCC TVK: NHMSYS0021118666
2026-01-24 16:37:23,536 - DEBUG - Unmatched JNCC TVK: NHMSYS0021118677
2026-01-24 16:37:23,536 - DEBUG - Unmatched JNCC TVK: NHMSYS0021118683
2026-01-24 16:37:23,536 - DEBUG - Unmatched JNCC TVK: NHMSYS0021118689
2026-01-24 16:37:23,536 - DEBUG - Unmatched JNCC TVK: NHMSYS0021118695
2026-01-24 16:37:23,536 - DEBUG - Unmatched JNCC TVK: NHMSYS0021118701
2026-01-24 16:37:23,536 - DEBUG - Unmatched JNCC TVK: NHMSYS0021118707
2026-01-24 16:37:23,536 - DEBUG - Unmatched JNCC TVK: NHMSYS0021118854
2026-01-24 16:37:23,536 - DEBUG - Unmatched JNCC TVK: NHMSYS0021118860
2026-01-24 16:37:23,536 - DEBUG - Unmatched JNCC TVK: NHMSYS0021118867
2026-01-24 16:37:23,536 - DEBUG - Unmatched JNCC TVK: NHMSYS0021118873
2026-01-24 16:37:23,536 - DEBUG - Unmatched JNCC TVK: NHMSYS0021118879
2026-01-24 16:37:23,536 - DEBUG - Unmatched JNCC TVK: NHMSYS0021118885
2026-01-24 16:37:23,536 - DEBUG - Unmatched JNCC TVK: NHMSYS0021118891
2026-01-24 16:37:23,536 - DEBUG - Unmatched JNCC TVK: NHMSYS0021118897
2026-01-24 16:37:23,536 - DEBUG - Unmatched JNCC TVK: NHMSYS0021118903
2026-01-24 16:37:23,537 - DEBUG - Unmatched JNCC TVK: NHMSYS0021118909
2026-01-24 16:37:23,537 - DEBUG - Unmatched JNCC TVK: NHMSYS0021118915
2026-01-24 16:37:23,537 - DEBUG - Unmatched JNCC TVK: NHMSYS0021118921
2026-01-24 16:37:23,537 - DEBUG - Unmatched JNCC TVK: NHMSYS0021122984
2026-01-24 16:37:23,537 - DEBUG - Unmatched JNCC TVK: NHMSYS0021123186
2026-01-24 16:37:23,537 - DEBUG - Unmatched JNCC TVK: NHMSYS0021123488
2026-01-24 16:37:23,537 - DEBUG - Unmatched JNCC TVK: NHMSYS0021123603
2026-01-24 16:37:23,537 - DEBUG - Unmatched JNCC TVK: NHMSYS0021127653
2026-01-24 16:37:23,537 - DEBUG - Unmatched JNCC TVK: NHMSYS0021127693
2026-01-24 16:37:23,537 - DEBUG - Unmatched JNCC TVK: NHMSYS0021127705
2026-01-24 16:37:23,537 - DEBUG - Unmatched JNCC TVK: NHMSYS0021128365
2026-01-24 16:37:23,537 - DEBUG - Unmatched JNCC TVK: NHMSYS0021128422
2026-01-24 16:37:23,537 - DEBUG - Unmatched JNCC TVK: NHMSYS0021128533
2026-01-24 16:37:23,537 - DEBUG - Unmatched JNCC TVK: NHMSYS0021128545
2026-01-24 16:37:23,537 - DEBUG - Unmatched JNCC TVK: NHMSYS0021128555
2026-01-24 16:37:23,537 - DEBUG - Unmatched JNCC TVK: NHMSYS0021130712
2026-01-24 16:37:23,537 - DEBUG - Unmatched JNCC TVK: NHMSYS0021131322
2026-01-24 16:37:23,537 - DEBUG - Unmatched JNCC TVK: NHMSYS0021131328
2026-01-24 16:37:23,537 - DEBUG - Unmatched JNCC TVK: NHMSYS0021131480
2026-01-24 16:37:23,537 - DEBUG - Unmatched JNCC TVK: NHMSYS0021143423
2026-01-24 16:37:23,537 - DEBUG - Unmatched JNCC TVK: NHMSYS0021143424
2026-01-24 16:37:23,537 - DEBUG - Unmatched JNCC TVK: NHMSYS0021143429
2026-01-24 16:37:23,537 - DEBUG - Unmatched JNCC TVK: NHMSYS0021143431
2026-01-24 16:37:23,537 - DEBUG - Unmatched JNCC TVK: NHMSYS0021143436
2026-01-24 16:37:23,537 - DEBUG - Unmatched JNCC TVK: NHMSYS0021143443
2026-01-24 16:37:23,537 - DEBUG - Unmatched JNCC TVK: NHMSYS0021143456
2026-01-24 16:37:23,537 - DEBUG - Unmatched JNCC TVK: NHMSYS0021144060
2026-01-24 16:37:23,537 - DEBUG - Unmatched JNCC TVK: NHMSYS0021144116
2026-01-24 16:37:23,537 - DEBUG - Unmatched JNCC TVK: NHMSYS0021144218
2026-01-24 16:37:23,537 - DEBUG - Unmatched JNCC TVK: NHMSYS0021144301
2026-01-24 16:37:23,537 - DEBUG - Unmatched JNCC TVK: NHMSYS0021144406
2026-01-24 16:37:23,537 - DEBUG - Unmatched JNCC TVK: NHMSYS0021144613
2026-01-24 16:37:23,537 - DEBUG - Unmatched JNCC TVK: NHMSYS0021144615
2026-01-24 16:37:23,537 - DEBUG - Unmatched JNCC TVK: NHMSYS0021144623
2026-01-24 16:37:23,537 - DEBUG - Unmatched JNCC TVK: NHMSYS0021144625
2026-01-24 16:37:23,537 - DEBUG - Unmatched JNCC TVK: NHMSYS0021144649
2026-01-24 16:37:23,537 - DEBUG - Unmatched JNCC TVK: NHMSYS0021144650
2026-01-24 16:37:23,537 - DEBUG - Unmatched JNCC TVK: NHMSYS0021144731
2026-01-24 16:37:23,537 - DEBUG - Unmatched JNCC TVK: NHMSYS0021144948
2026-01-24 16:37:23,537 - DEBUG - Unmatched JNCC TVK: NHMSYS0021164515
2026-01-24 16:37:23,537 - DEBUG - Unmatched JNCC TVK: NHMSYS0021183105
2026-01-24 16:37:23,537 - DEBUG - Unmatched JNCC TVK: NHMSYS0021183110
2026-01-24 16:37:23,537 - DEBUG - Unmatched JNCC TVK: NHMSYS0021193524
2026-01-24 16:37:23,537 - DEBUG - Unmatched JNCC TVK: NHMSYS0021194674
2026-01-24 16:37:23,537 - DEBUG - Unmatched JNCC TVK: NHMSYS0021195185
2026-01-24 16:37:23,537 - DEBUG - Unmatched JNCC TVK: NHMSYS0021195599
2026-01-24 16:37:23,537 - DEBUG - Unmatched JNCC TVK: NHMSYS0021232238
2026-01-24 16:37:23,537 - DEBUG - Unmatched JNCC TVK: NHMSYS0021232322
2026-01-24 16:37:23,537 - DEBUG - Unmatched JNCC TVK: NHMSYS0021233289
2026-01-24 16:37:23,537 - DEBUG - Unmatched JNCC TVK: NHMSYS0021239409
2026-01-24 16:37:23,537 - DEBUG - Unmatched JNCC TVK: NHMSYS0021239446
2026-01-24 16:37:23,537 - DEBUG - Unmatched JNCC TVK: NHMSYS0021239474
2026-01-24 16:37:23,537 - DEBUG - Unmatched JNCC TVK: NHMSYS0021239484
2026-01-24 16:37:23,537 - DEBUG - Unmatched JNCC TVK: NHMSYS0021239553
2026-01-24 16:37:23,537 - DEBUG - Unmatched JNCC TVK: NHMSYS0021239778
2026-01-24 16:37:23,537 - DEBUG - Unmatched JNCC TVK: NHMSYS0021240639
2026-01-24 16:37:23,537 - DEBUG - Unmatched JNCC TVK: NHMSYS0021240644
2026-01-24 16:37:23,537 - DEBUG - Unmatched JNCC TVK: NHMSYS0021240654
2026-01-24 16:37:23,537 - DEBUG - Unmatched JNCC TVK: NHMSYS0021240659
2026-01-24 16:37:23,537 - DEBUG - Unmatched JNCC TVK: NHMSYS0021240664
2026-01-24 16:37:23,537 - DEBUG - Unmatched JNCC TVK: NHMSYS0021240669
2026-01-24 16:37:23,537 - DEBUG - Unmatched JNCC TVK: NHMSYS0021240679
2026-01-24 16:37:23,537 - DEBUG - Unmatched JNCC TVK: NHMSYS0021240684
2026-01-24 16:37:23,537 - DEBUG - Unmatched JNCC TVK: NHMSYS0021240709
2026-01-24 16:37:23,537 - DEBUG - Unmatched JNCC TVK: NHMSYS0021240714
2026-01-24 16:37:23,537 - DEBUG - Unmatched JNCC TVK: NHMSYS0021240719
2026-01-24 16:37:23,537 - DEBUG - Unmatched JNCC TVK: NHMSYS0021240724
2026-01-24 16:37:23,537 - DEBUG - Unmatched JNCC TVK: NHMSYS0021240734
2026-01-24 16:37:23,537 - DEBUG - Unmatched JNCC TVK: NHMSYS0021240739
2026-01-24 16:37:23,537 - DEBUG - Unmatched JNCC TVK: NHMSYS0021240744
2026-01-24 16:37:23,537 - DEBUG - Unmatched JNCC TVK: NHMSYS0021240749
2026-01-24 16:37:23,537 - DEBUG - Unmatched JNCC TVK: NHMSYS0021240754
2026-01-24 16:37:23,537 - DEBUG - Unmatched JNCC TVK: NHMSYS0021240759
2026-01-24 16:37:23,537 - DEBUG - Unmatched JNCC TVK: NHMSYS0021240764
2026-01-24 16:37:23,537 - DEBUG - Unmatched JNCC TVK: NHMSYS0021240779
2026-01-24 16:37:23,537 - DEBUG - Unmatched JNCC TVK: NHMSYS0021240784
2026-01-24 16:37:23,537 - DEBUG - Unmatched JNCC TVK: NHMSYS0021240794
2026-01-24 16:37:23,537 - DEBUG - Unmatched JNCC TVK: NHMSYS0021240799
2026-01-24 16:37:23,537 - DEBUG - Unmatched JNCC TVK: NHMSYS0021240804
2026-01-24 16:37:23,537 - DEBUG - Unmatched JNCC TVK: NHMSYS0021240809
2026-01-24 16:37:23,537 - DEBUG - Unmatched JNCC TVK: NHMSYS0021241537
2026-01-24 16:37:23,537 - DEBUG - Unmatched JNCC TVK: NHMSYS0021271566
2026-01-24 16:37:23,538 - DEBUG - Unmatched JNCC TVK: NHMSYS0021274166
2026-01-24 16:37:23,538 - DEBUG - Unmatched JNCC TVK: NHMSYS0021274916
2026-01-24 16:37:23,538 - DEBUG - Unmatched JNCC TVK: NHMSYS0021274936
2026-01-24 16:37:23,538 - DEBUG - Unmatched JNCC TVK: NHMSYS0021275201
2026-01-24 16:37:23,538 - DEBUG - Unmatched JNCC TVK: NHMSYS0021277804
2026-01-24 16:37:23,538 - DEBUG - Unmatched JNCC TVK: NHMSYS0021324486
2026-01-24 16:37:23,538 - DEBUG - Unmatched JNCC TVK: NHMSYS0021366609
2026-01-24 16:37:23,538 - DEBUG - Unmatched JNCC TVK: NHMSYS0021439240
2026-01-24 16:37:23,538 - DEBUG - Unmatched JNCC TVK: NHMSYS0021478843
2026-01-24 16:37:23,538 - DEBUG - Unmatched JNCC TVK: NHMSYS0021486547
2026-01-24 16:37:23,538 - DEBUG - Unmatched JNCC TVK: NHMSYS0021486552
2026-01-24 16:37:23,538 - DEBUG - Unmatched JNCC TVK: NHMSYS0021486562
2026-01-24 16:37:23,538 - DEBUG - Unmatched JNCC TVK: NHMSYS0021486732
2026-01-24 16:37:23,538 - DEBUG - Unmatched JNCC TVK: NHMSYS0021537813
2026-01-24 16:37:23,538 - DEBUG - Unmatched JNCC TVK: NHMSYS0021537833
2026-01-24 16:37:23,538 - DEBUG - Unmatched JNCC TVK: NHMSYS0021576563
2026-01-24 16:37:23,538 - DEBUG - Unmatched JNCC TVK: NHMSYS0021576643
2026-01-24 16:37:23,538 - DEBUG - Unmatched JNCC TVK: NHMSYS0021576678
2026-01-24 16:37:23,538 - DEBUG - Unmatched JNCC TVK: NHMSYS0021576913
2026-01-24 16:37:23,538 - DEBUG - Unmatched JNCC TVK: NHMSYS0021576918
2026-01-24 16:37:23,538 - DEBUG - Unmatched JNCC TVK: NHMSYS0021576923
2026-01-24 16:37:23,538 - DEBUG - Unmatched JNCC TVK: NHMSYS0021576928
2026-01-24 16:37:23,538 - DEBUG - Unmatched JNCC TVK: NHMSYS0021593122
2026-01-24 16:37:23,538 - DEBUG - Unmatched JNCC TVK: NHMSYS0021593247
2026-01-24 16:37:23,538 - DEBUG - Unmatched JNCC TVK: NHMSYS0021593252
2026-01-24 16:37:23,538 - DEBUG - Unmatched JNCC TVK: NHMSYS0021597872
2026-01-24 16:37:23,538 - DEBUG - Unmatched JNCC TVK: NHMSYS0021597877
2026-01-24 16:37:23,538 - DEBUG - Unmatched JNCC TVK: NHMSYS0021597947
2026-01-24 16:37:23,538 - DEBUG - Unmatched JNCC TVK: NHMSYS0021597952
2026-01-24 16:37:23,538 - DEBUG - Unmatched JNCC TVK: NHMSYS0021597992
2026-01-24 16:37:23,538 - DEBUG - Unmatched JNCC TVK: NHMSYS0021597997
2026-01-24 16:37:23,538 - DEBUG - Unmatched JNCC TVK: NHMSYS0021600157
2026-01-24 16:37:23,538 - DEBUG - Unmatched JNCC TVK: NHMSYS0021600162
2026-01-24 16:37:23,538 - DEBUG - Unmatched JNCC TVK: NHMSYS0021600182
2026-01-24 16:37:23,538 - DEBUG - Unmatched JNCC TVK: NHMSYS0021600317
2026-01-24 16:37:23,538 - DEBUG - Unmatched JNCC TVK: NHMSYS0021600417
2026-01-24 16:37:23,538 - DEBUG - Unmatched JNCC TVK: NHMSYS0021605532
2026-01-24 16:37:23,538 - DEBUG - Unmatched JNCC TVK: NHMSYS0021605537
2026-01-24 16:37:23,538 - DEBUG - Unmatched JNCC TVK: NHMSYS0021605687
2026-01-24 16:37:23,538 - DEBUG - Unmatched JNCC TVK: NHMSYS0021605727
2026-01-24 16:37:23,538 - DEBUG - Unmatched JNCC TVK: NHMSYS0021605732
2026-01-24 16:37:23,538 - DEBUG - Unmatched JNCC TVK: NHMSYS0021605747
2026-01-24 16:37:23,538 - DEBUG - Unmatched JNCC TVK: NHMSYS0021605752
2026-01-24 16:37:23,538 - DEBUG - Unmatched JNCC TVK: NHMSYS0021605757
2026-01-24 16:37:23,538 - DEBUG - Unmatched JNCC TVK: NHMSYS0021605762
2026-01-24 16:37:23,538 - DEBUG - Unmatched JNCC TVK: NHMSYS0021605767
2026-01-24 16:37:23,538 - DEBUG - Unmatched JNCC TVK: NHMSYS0021605777
2026-01-24 16:37:23,538 - DEBUG - Unmatched JNCC TVK: NHMSYS0021605782
2026-01-24 16:37:23,538 - DEBUG - Unmatched JNCC TVK: NHMSYS0021618717
2026-01-24 16:37:23,538 - DEBUG - Unmatched JNCC TVK: NHMSYS0021621879
2026-01-24 16:37:23,538 - DEBUG - Unmatched JNCC TVK: NHMSYS0100000969
2026-01-24 16:37:23,538 - DEBUG - Unmatched JNCC TVK: NHMSYS0100001007
2026-01-24 16:37:23,538 - DEBUG - Unmatched JNCC TVK: NHMSYS0100001055
2026-01-24 16:37:23,538 - DEBUG - Unmatched JNCC TVK: NHMSYS0100001286
2026-01-24 16:37:23,538 - DEBUG - Unmatched JNCC TVK: NHMSYS0100001391
2026-01-24 16:37:23,538 - DEBUG - Unmatched JNCC TVK: NHMSYS0100001533
2026-01-24 16:37:23,538 - DEBUG - Unmatched JNCC TVK: NHMSYS0100001535
2026-01-24 16:37:23,538 - DEBUG - Unmatched JNCC TVK: NHMSYS0100001604
2026-01-24 16:37:23,538 - DEBUG - Unmatched JNCC TVK: NHMSYS0100001856
2026-01-24 16:37:23,538 - DEBUG - Unmatched JNCC TVK: NHMSYS0100001951
2026-01-24 16:37:23,538 - DEBUG - Unmatched JNCC TVK: NHMSYS0100002572
2026-01-24 16:37:23,538 - DEBUG - Unmatched JNCC TVK: NHMSYS0100003139
2026-01-24 16:37:23,538 - DEBUG - Unmatched JNCC TVK: NHMSYS0100003185
2026-01-24 16:37:23,538 - INFO - JNCC annotation complete
