[2026-01-25 22:12:56] 
Database: C:\GitHub\mind-the-gap\uksi_processing\uksi_db\uksi.db
[2026-01-25 22:12:56] Valid output: C:\GitHub\mind-the-gap\uksi_processing\uksi_db\uksi_species_export.tsv
[2026-01-25 22:12:56] Invalid output: C:\GitHub\mind-the-gap\uksi_processing\uksi_db\uksi_invalid_species_export.tsv
[2026-01-25 22:12:56] 
=== Starting Species Export ===
[2026-01-25 22:12:56] Building lineage lookup table...
[2026-01-25 22:12:56]   Built lookup with 124,397 taxa
[2026-01-25 22:12:56] Building JNCC designation maps with hierarchy propagation...
[2026-01-25 22:12:56]   Loaded 14,364 taxa with direct JNCC designations
[2026-01-25 22:12:56]   Processing 82,782 species for designation inheritance...
[2026-01-25 22:12:56]   Inherited 850 designations from higher taxa
[2026-01-25 22:12:56]   Propagated 369 designations upward from subspecific taxa
[2026-01-25 22:12:56]   Final: 14,430 taxa with JNCC designations
[2026-01-25 22:12:56] Loading Latin synonyms (comprehensive)...
[2026-01-25 22:12:57]   Loaded names for 124,033 taxa from names table
[2026-01-25 22:12:57]   Built child index for 32,536 parent taxa
[2026-01-25 22:12:58]   Final: 124,033 taxa with 226,980 unique synonyms
[2026-01-25 22:12:58] Loading Pantheon data...
[2026-01-25 22:12:58]   Loaded Pantheon data for 12,738 taxa
[2026-01-25 22:12:58] 
Querying valid species...
[2026-01-25 22:12:58]   Found 78,069 species (before filtering)
[2026-01-25 22:12:58] 
Writing valid species to C:\GitHub\mind-the-gap\uksi_processing\uksi_db\uksi_species_export.tsv...
[2026-01-25 22:12:58] Writing invalid species to C:\GitHub\mind-the-gap\uksi_processing\uksi_db\uksi_invalid_species_export.tsv...
[2026-01-25 22:12:59]   Processed 10,000 species...
[2026-01-25 22:12:59]   Processed 20,000 species...
[2026-01-25 22:12:59]   Processed 30,000 species...
[2026-01-25 22:13:00]   Processed 40,000 species...
[2026-01-25 22:13:00]   Processed 50,000 species...
[2026-01-25 22:13:01]   Processed 60,000 species...
[2026-01-25 22:13:01]   Processed 70,000 species...
[2026-01-25 22:13:01] 
  Valid species exported: 76,442
[2026-01-25 22:13:01]   Invalid species filtered: 1,627
[2026-01-25 22:13:01]     - Contains '.': 1,366
[2026-01-25 22:13:01]     - Contains '/': 222
[2026-01-25 22:13:01]     - Contains '?': 29
[2026-01-25 22:13:01]     - Contains 'indet': 4
[2026-01-25 22:13:01]     - Contains '(Other)': 4
[2026-01-25 22:13:01]     - Contains '(unidentified)': 2
[2026-01-25 22:13:01] 
=== Export Validation ===
[2026-01-25 22:13:03] Total valid rows in export: 76,442
[2026-01-25 22:13:04]   - With synonyms: 37,639
[2026-01-25 22:13:04]   - With Pantheon data: 11,900
[2026-01-25 22:13:04]   - With JNCC designations: 14,151
[2026-01-25 22:13:04]   Higher taxonomy coverage:
[2026-01-25 22:13:04]     - Kingdom: 76,040
[2026-01-25 22:13:04]     - Phylum/Division: 73,979
[2026-01-25 22:13:04]     - Class: 75,491
[2026-01-25 22:13:04]     - Order: 74,440
[2026-01-25 22:13:04]     - Family: 74,765
[2026-01-25 22:13:04]     - Genus: 76,296
[2026-01-25 22:13:04] 
  Species with subgenus pattern: 1,362
[2026-01-25 22:13:04] 
  Sample subgenus species with synonyms:
[2026-01-25 22:13:04]     Acartia (Acanthacartia) bifilosa
[2026-01-25 22:13:04]       Synonyms: Acanthacartia bifilosa;Acartia (Acanthacartia) bifilosa subsp. bifilosa;Acartia bifilosa;Dias bifilo...
[2026-01-25 22:13:04]     Acartia (Acanthacartia) tonsa
[2026-01-25 22:13:04]       Synonyms: Acanthacartia tonsa;Acartia tonsa...
[2026-01-25 22:13:04]     Acartia (Acartia) danae
[2026-01-25 22:13:04]       Synonyms: Acartia danae...
[2026-01-25 22:13:04] 
============================================================
[2026-01-25 22:13:04] Export completed successfully!
[2026-01-25 22:13:04] Valid species: C:\GitHub\mind-the-gap\uksi_processing\uksi_db\uksi_species_export.tsv
[2026-01-25 22:13:04] Invalid species: C:\GitHub\mind-the-gap\uksi_processing\uksi_db\uksi_invalid_species_export.tsv
[2026-01-25 22:13:04] ============================================================
