[2026-01-25 12:11:12] 
Database: C:\GitHub\mind-the-gap\uksi_processing\uksi_db\uksi.db
[2026-01-25 12:11:12] Valid output: C:\GitHub\mind-the-gap\uksi_processing\uksi_db\uksi_species_export.tsv
[2026-01-25 12:11:12] Invalid output: C:\GitHub\mind-the-gap\uksi_processing\uksi_db\uksi_invalid_species_export.tsv
[2026-01-25 12:11:12] 
=== Starting Species Export ===
[2026-01-25 12:11:12] Building lineage lookup table...
[2026-01-25 12:11:12]   Built lookup with 124,397 taxa
[2026-01-25 12:11:12] Building JNCC designation maps with hierarchy propagation...
[2026-01-25 12:11:12]   Loaded 14,364 taxa with direct JNCC designations
[2026-01-25 12:11:12]   Processing 82,782 species for designation inheritance...
[2026-01-25 12:11:13]   Inherited 850 designations from higher taxa
[2026-01-25 12:11:13]   Propagated 369 designations upward from subspecific taxa
[2026-01-25 12:11:13]   Final: 14,430 taxa with JNCC designations
[2026-01-25 12:11:13] Loading Latin synonyms (comprehensive)...
[2026-01-25 12:11:13]   Loaded names for 124,033 taxa from names table
[2026-01-25 12:11:14]   Built child index for 32,536 parent taxa
[2026-01-25 12:11:14]   Final: 124,033 taxa with 226,980 unique synonyms
[2026-01-25 12:11:14] Loading Pantheon data...
[2026-01-25 12:11:14]   Loaded Pantheon data for 12,738 taxa
[2026-01-25 12:11:14] 
Querying valid species...
[2026-01-25 12:11:14]   Found 78,069 species (before filtering)
[2026-01-25 12:11:14] 
Writing valid species to C:\GitHub\mind-the-gap\uksi_processing\uksi_db\uksi_species_export.tsv...
[2026-01-25 12:11:14] Writing invalid species to C:\GitHub\mind-the-gap\uksi_processing\uksi_db\uksi_invalid_species_export.tsv...
[2026-01-25 12:11:15]   Processed 10,000 species...
[2026-01-25 12:11:15]   Processed 20,000 species...
[2026-01-25 12:11:15]   Processed 30,000 species...
[2026-01-25 12:11:15]   Processed 40,000 species...
[2026-01-25 12:11:15]   Processed 50,000 species...
[2026-01-25 12:11:15]   Processed 60,000 species...
[2026-01-25 12:11:15]   Processed 70,000 species...
[2026-01-25 12:11:15] 
  Valid species exported: 76,640
[2026-01-25 12:11:15]   Invalid species filtered: 1,429
[2026-01-25 12:11:15]     - Contains '.': 1,390
[2026-01-25 12:11:15]     - Contains '?': 29
[2026-01-25 12:11:15]     - Contains 'indet': 4
[2026-01-25 12:11:15]     - Contains '(Other)': 4
[2026-01-25 12:11:15]     - Contains '(unidentified)': 2
[2026-01-25 12:11:15] 
=== Export Validation ===
[2026-01-25 12:11:16] Total valid rows in export: 76,640
[2026-01-25 12:11:16]   - With synonyms: 37,710
[2026-01-25 12:11:16]   - With Pantheon data: 11,901
[2026-01-25 12:11:16]   - With JNCC designations: 14,166
[2026-01-25 12:11:16]   Higher taxonomy coverage:
[2026-01-25 12:11:16]     - Kingdom: 76,238
[2026-01-25 12:11:16]     - Phylum/Division: 74,175
[2026-01-25 12:11:16]     - Class: 75,689
[2026-01-25 12:11:16]     - Order: 74,636
[2026-01-25 12:11:16]     - Family: 74,962
[2026-01-25 12:11:16]     - Genus: 76,489
[2026-01-25 12:11:16] 
  Species with subgenus pattern: 1,362
[2026-01-25 12:11:16] 
  Sample subgenus species with synonyms:
[2026-01-25 12:11:16]     Acartia (Acanthacartia) bifilosa
[2026-01-25 12:11:16]       Synonyms: Acanthacartia bifilosa;Acartia (Acanthacartia) bifilosa subsp. bifilosa;Acartia bifilosa;Dias bifilo...
[2026-01-25 12:11:16]     Acartia (Acanthacartia) tonsa
[2026-01-25 12:11:16]       Synonyms: Acanthacartia tonsa;Acartia tonsa...
[2026-01-25 12:11:16]     Acartia (Acartia) danae
[2026-01-25 12:11:16]       Synonyms: Acartia danae...
[2026-01-25 12:11:16] 
============================================================
[2026-01-25 12:11:16] Export completed successfully!
[2026-01-25 12:11:16] Valid species: C:\GitHub\mind-the-gap\uksi_processing\uksi_db\uksi_species_export.tsv
[2026-01-25 12:11:16] Invalid species: C:\GitHub\mind-the-gap\uksi_processing\uksi_db\uksi_invalid_species_export.tsv
[2026-01-25 12:11:16] ============================================================
